<?xml version="1.0" encoding="UTF-8"?>
<robot generator="Robot 6.0.2 (Python 3.11.1 on win32)" generated="20230525 16:06:09.798" rpa="false" schemaversion="3">
<suite id="s1" name="Oobotp Notification" source="D:\robot\MB Banking\MB Banking\testcases\oobotp_notification.robot">
<test id="s1-t1" name="Check Push OTP notification" line="5">
<kw name="Set Push OTP notification" library="oob_keyword">
<kw name="Generate Random String" library="String">
<var>${external_reference}</var>
<arg>32</arg>
<arg>[LETTERS][NUMBERS]</arg>
<doc>Generates a string with a desired ``length`` from the given ``chars``.</doc>
<msg timestamp="20230525 16:06:09.998" level="INFO">${external_reference} = 1Vd3WexHEPP1t61FwmSM7e6dzP7oMwll</msg>
<status status="PASS" starttime="20230525 16:06:09.997" endtime="20230525 16:06:09.998"/>
</kw>
<kw name="Create Dictionary" library="BuiltIn">
<var>${headers}</var>
<arg>Content-Type=application/json</arg>
<arg>x-api-key=${x-api-key}</arg>
<arg>client_id=${client_id}</arg>
<arg>client_secret=${client_secret}</arg>
<doc>Creates and returns a dictionary based on the given ``items``.</doc>
<msg timestamp="20230525 16:06:09.998" level="INFO">${headers} = {'Content-Type': 'application/json', 'x-api-key': '12345_api_key', 'client_id': '12345', 'client_secret': '12345_secret'}</msg>
<status status="PASS" starttime="20230525 16:06:09.998" endtime="20230525 16:06:09.998"/>
</kw>
<kw name="Catenate" library="BuiltIn">
<var>${json}</var>
<arg>{</arg>
<arg>"service_id": "online_pay_otp",</arg>
<arg>"batch_id": "0001",</arg>
<arg>"body": [</arg>
<arg>{</arg>
<arg>"external_reference": "${external_reference}",</arg>
<arg>"cif": "${cif}",</arg>
<arg>"data": {</arg>
<arg>"currency": "KHR",</arg>
<arg>"amount": "50",</arg>
<arg>"otp_code": "123456",</arg>
<arg>"merchant_name": "Rothyyyyy Rothy yyyy Roth yyyyy",</arg>
<arg>"card_mask": "1234 12** **59 1234"</arg>
<arg>}</arg>
<arg>}</arg>
<arg>]</arg>
<arg>}</arg>
<doc>Catenates the given items together and returns the resulted string.</doc>
<msg timestamp="20230525 16:06:09.998" level="INFO">${json} = { "service_id": "online_pay_otp", "batch_id": "0001", "body": [ { "external_reference": "1Vd3WexHEPP1t61FwmSM7e6dzP7oMwll", "cif": "001088774", "data": { "currency": "KHR", "amount": "50", "otp_code":...</msg>
<status status="PASS" starttime="20230525 16:06:09.998" endtime="20230525 16:06:09.998"/>
</kw>
<kw name="Log" library="BuiltIn">
<arg>${json}</arg>
<doc>Logs the given message with the given level.</doc>
<msg timestamp="20230525 16:06:09.998" level="INFO">{ "service_id": "online_pay_otp", "batch_id": "0001", "body": [ { "external_reference": "1Vd3WexHEPP1t61FwmSM7e6dzP7oMwll", "cif": "001088774", "data": { "currency": "KHR", "amount": "50", "otp_code": "123456", "merchant_name": "Rothyyyyy Rothy yyyy Roth yyyyy", "card_mask": "1234 12** **59 1234" } } ] }</msg>
<status status="PASS" starttime="20230525 16:06:09.998" endtime="20230525 16:06:09.998"/>
</kw>
<kw name="Create Session" library="RequestsLibrary">
<arg>Pushnotification</arg>
<arg>${baseurl}</arg>
<doc>Create Session: create a HTTP session to a server</doc>
<msg timestamp="20230525 16:06:09.999" level="INFO">Creating Session using : alias=Pushnotification, url=http://api-uat-internal.hatthabank.com/, headers={},                     cookies={}, auth=None, timeout=None, proxies=None, verify=False,                     debug=0 </msg>
<status status="PASS" starttime="20230525 16:06:09.998" endtime="20230525 16:06:09.999"/>
</kw>
<kw name="POST On Session" library="RequestsLibrary">
<var>${response}</var>
<arg>Pushnotification</arg>
<arg>${sendotp}</arg>
<arg>data=${json}</arg>
<arg>headers=${headers}</arg>
<doc>Sends a POST request on a previously created HTTP Session.</doc>
<msg timestamp="20230525 16:06:10.146" level="INFO">POST Request : url=http://api-uat-internal.hatthabank.com/notification-service/api/1.0/information/ext-notification/send 
 path_url=/notification-service/api/1.0/information/ext-notification/send 
 headers={'User-Agent': 'python-requests/2.30.0', 'Accept-Encoding': 'gzip, deflate', 'Accept': '*/*', 'Connection': 'keep-alive', 'Content-Type': 'application/json', 'x-api-key': '12345_api_key', 'client_id': '12345', 'client_secret': '12345_secret', 'Content-Length': '305'} 
 body={ "service_id": "online_pay_otp", "batch_id": "0001", "body": [ { "external_reference": "1Vd3WexHEPP1t61FwmSM7e6dzP7oMwll", "cif": "001088774", "data": { "currency": "KHR", "amount": "50", "otp_code": "123456", "merchant_name": "Rothyyyyy Rothy yyyy Roth yyyyy", "card_mask": "1234 12** **59 1234" } } ] } 
 </msg>
<msg timestamp="20230525 16:06:10.146" level="INFO">POST Response : url=http://api-uat-internal.hatthabank.com/notification-service/api/1.0/information/ext-notification/send 
 status=200, reason=OK 
 headers={'Date': 'Thu, 25 May 2023 09:06:10 GMT', 'Content-Type': 'application/json', 'Transfer-Encoding': 'chunked', 'Vary': 'Origin, Access-Control-Request-Method, Access-Control-Request-Headers', 'X-Xss-Protection': '1 ; mode=block', 'Strict-Transport-Security': 'max-age=3153600; includeSubDomains', 'X-Frame-Options': 'DENY', 'X-Content-Type-Options': 'nosniff', 'Referrer-Policy': 'no-referrer', 'Content-Security-Policy': "default-src 'self' https:; font-src 'self' https: data:; img-src 'self' https: data:; object-src 'none'; script-src https:; style-src 'self' https: 'unsafe-inline'", 'X-Download-Options': 'noopen', 'X-Permitted-Cross-Domain-Policies': 'master-only', 'Cache-Control': 'no-cache, no-store, max-age=0, must-revalidate', 'Pragma': 'no-cache', 'Expires': '0', 'Access-Control-Allow-Origin': '*', 'Access-Control-Allow-Headers': '*', 'Access-Control-Max-Age': '3628800', 'Access-Control-Allow-Methods': 'GET, DELETE, OPTIONS, POST, PUT'} 
 body={"code":"S0001","title":null,"message":"Success.","data":[{"content":"Your OTP is 123456 for payment of 50 KHR on Rothyyyyy Rothy yyyy Roth yyyyy. Please don't share it to anyone for security purposes.","status":"PROCESSING","cause":null,"cif":"001088774","account_number":null,"service_id":"online_pay_otp","batch_id":"0001","external_reference":"1Vd3WexHEPP1t61FwmSM7e6dzP7oMwll"}],"trace_id":"e7e3b643f73591f1"} 
 </msg>
<msg timestamp="20230525 16:06:10.146" level="INFO">${response} = &lt;Response [200]&gt;</msg>
<status status="PASS" starttime="20230525 16:06:09.999" endtime="20230525 16:06:10.146"/>
</kw>
<kw name="Log" library="BuiltIn">
<arg>${response}</arg>
<doc>Logs the given message with the given level.</doc>
<msg timestamp="20230525 16:06:10.146" level="INFO">&lt;Response [200]&gt;</msg>
<status status="PASS" starttime="20230525 16:06:10.146" endtime="20230525 16:06:10.146"/>
</kw>
<kw name="Check body response OOB and OTP notification" library="Verify_success">
<arg>${response.json()}</arg>
<kw name="Get Value From Json" library="JSONLibrary">
<var>${status_code}</var>
<arg>${resp}</arg>
<arg>$.code</arg>
<doc>Get Value From JSON using JSONPath</doc>
<msg timestamp="20230525 16:06:10.174" level="INFO">${status_code} = ['S0001']</msg>
<status status="PASS" starttime="20230525 16:06:10.146" endtime="20230525 16:06:10.174"/>
</kw>
<kw name="Get Value From Json" library="JSONLibrary">
<var>${smg}</var>
<arg>${resp}</arg>
<arg>$.message</arg>
<doc>Get Value From JSON using JSONPath</doc>
<msg timestamp="20230525 16:06:10.184" level="INFO">${smg} = ['Success.']</msg>
<status status="PASS" starttime="20230525 16:06:10.174" endtime="20230525 16:06:10.184"/>
</kw>
<kw name="Get Value From Json" library="JSONLibrary">
<var>${status}</var>
<arg>${resp}</arg>
<arg>$.data.[0].status</arg>
<doc>Get Value From JSON using JSONPath</doc>
<msg timestamp="20230525 16:06:10.193" level="INFO">${status} = ['PROCESSING']</msg>
<status status="PASS" starttime="20230525 16:06:10.184" endtime="20230525 16:06:10.193"/>
</kw>
<kw name="Get Value From Json" library="JSONLibrary">
<var>${cause}</var>
<arg>${resp}</arg>
<arg>$.data.[*].cause</arg>
<doc>Get Value From JSON using JSONPath</doc>
<msg timestamp="20230525 16:06:10.203" level="INFO">${cause} = [None]</msg>
<status status="PASS" starttime="20230525 16:06:10.194" endtime="20230525 16:06:10.203"/>
</kw>
<kw name="Run Keyword And Return Status" library="BuiltIn">
<var>${response_status}</var>
<arg>Should Be Equal As Strings</arg>
<arg>${status_code[0]}</arg>
<arg>S0001</arg>
<doc>Runs the given keyword with given arguments and returns the status as a Boolean value.</doc>
<kw name="Should Be Equal As Strings" library="BuiltIn">
<arg>${status_code[0]}</arg>
<arg>S0001</arg>
<doc>Fails if objects are unequal after converting them to strings.</doc>
<status status="PASS" starttime="20230525 16:06:10.203" endtime="20230525 16:06:10.204"/>
</kw>
<msg timestamp="20230525 16:06:10.204" level="INFO">${response_status} = True</msg>
<status status="PASS" starttime="20230525 16:06:10.203" endtime="20230525 16:06:10.204"/>
</kw>
<kw name="Should Be Equal As Strings" library="BuiltIn">
<arg>${status_code[0]}</arg>
<arg>S0001</arg>
<arg>We has found something went wrong!!</arg>
<arg>${smg}</arg>
<doc>Fails if objects are unequal after converting them to strings.</doc>
<status status="PASS" starttime="20230525 16:06:10.204" endtime="20230525 16:06:10.204"/>
</kw>
<kw name="Set Test Message" library="BuiltIn">
<arg>${cause[0]}</arg>
<doc>Sets message for the current test case.</doc>
<msg timestamp="20230525 16:06:10.204" level="INFO">Set test message to:
None</msg>
<status status="PASS" starttime="20230525 16:06:10.204" endtime="20230525 16:06:10.204"/>
</kw>
<status status="PASS" starttime="20230525 16:06:10.146" endtime="20230525 16:06:10.204"/>
</kw>
<status status="PASS" starttime="20230525 16:06:09.997" endtime="20230525 16:06:10.205"/>
</kw>
<tag>positive</tag>
<status status="PASS" starttime="20230525 16:06:09.997" endtime="20230525 16:06:10.205">None</status>
</test>
<test id="s1-t2" name="Check Push OOB notification" line="8">
<kw name="Set Push OOB notification" library="oob_keyword">
<kw name="Create Session" library="RequestsLibrary">
<arg>Pushnotification</arg>
<arg>${baseurl}</arg>
<doc>Create Session: create a HTTP session to a server</doc>
<msg timestamp="20230525 16:06:10.208" level="INFO">Creating Session using : alias=Pushnotification, url=http://api-uat-internal.hatthabank.com/, headers={},                     cookies={}, auth=None, timeout=None, proxies=None, verify=False,                     debug=0 </msg>
<status status="PASS" starttime="20230525 16:06:10.208" endtime="20230525 16:06:10.208"/>
</kw>
<kw name="Generate Random String" library="String">
<var>${external_reference}</var>
<arg>32</arg>
<arg>[LETTERS][NUMBERS]</arg>
<doc>Generates a string with a desired ``length`` from the given ``chars``.</doc>
<msg timestamp="20230525 16:06:10.208" level="INFO">${external_reference} = oJtJfu9kmBBcyYnZMkPgCHatIL4ClDSi</msg>
<status status="PASS" starttime="20230525 16:06:10.208" endtime="20230525 16:06:10.208"/>
</kw>
<kw name="Create Dictionary" library="BuiltIn">
<var>${headers}</var>
<arg>Content-Type=application/json</arg>
<arg>x-api-key=${x-api-key}</arg>
<arg>client_id=${client_id}</arg>
<arg>client_secret=${client_secret}</arg>
<doc>Creates and returns a dictionary based on the given ``items``.</doc>
<msg timestamp="20230525 16:06:10.208" level="INFO">${headers} = {'Content-Type': 'application/json', 'x-api-key': '12345_api_key', 'client_id': '12345', 'client_secret': '12345_secret'}</msg>
<status status="PASS" starttime="20230525 16:06:10.208" endtime="20230525 16:06:10.208"/>
</kw>
<kw name="Catenate" library="BuiltIn">
<var>${json}</var>
<arg>{</arg>
<arg>"service_id": "online_pay_consent",</arg>
<arg>"batch_id": "3238",</arg>
<arg>"body": [</arg>
<arg>{</arg>
<arg>"external_reference": "${external_reference}",</arg>
<arg>"cif": "${cif}",</arg>
<arg>"data": {</arg>
<arg>"currency": "USD",</arg>
<arg>"amount": "50",</arg>
<arg>"merchant_name": "Rothyyyyy Rothy yyyy Roth yyyyy",</arg>
<arg>"card_mask": "1234 12** **59 1234"</arg>
<arg>}</arg>
<arg>}</arg>
<arg>]</arg>
<arg>}</arg>
<doc>Catenates the given items together and returns the resulted string.</doc>
<msg timestamp="20230525 16:06:10.209" level="INFO">${json} = { "service_id": "online_pay_consent", "batch_id": "3238", "body": [ { "external_reference": "oJtJfu9kmBBcyYnZMkPgCHatIL4ClDSi", "cif": "001088774", "data": { "currency": "USD", "amount": "50", "mercha...</msg>
<status status="PASS" starttime="20230525 16:06:10.209" endtime="20230525 16:06:10.209"/>
</kw>
<kw name="Log" library="BuiltIn">
<arg>${json}</arg>
<doc>Logs the given message with the given level.</doc>
<msg timestamp="20230525 16:06:10.209" level="INFO">{ "service_id": "online_pay_consent", "batch_id": "3238", "body": [ { "external_reference": "oJtJfu9kmBBcyYnZMkPgCHatIL4ClDSi", "cif": "001088774", "data": { "currency": "USD", "amount": "50", "merchant_name": "Rothyyyyy Rothy yyyy Roth yyyyy", "card_mask": "1234 12** **59 1234" } } ] }</msg>
<status status="PASS" starttime="20230525 16:06:10.209" endtime="20230525 16:06:10.209"/>
</kw>
<kw name="POST On Session" library="RequestsLibrary">
<var>${response}</var>
<arg>Pushnotification</arg>
<arg>${sendoob}</arg>
<arg>data=${json}</arg>
<arg>headers=${headers}</arg>
<doc>Sends a POST request on a previously created HTTP Session.</doc>
<msg timestamp="20230525 16:06:10.360" level="INFO">POST Request : url=http://api-uat-internal.hatthabank.com/notification-service/api/1.0/information/ext-notification/send 
 path_url=/notification-service/api/1.0/information/ext-notification/send 
 headers={'User-Agent': 'python-requests/2.30.0', 'Accept-Encoding': 'gzip, deflate', 'Accept': '*/*', 'Connection': 'keep-alive', 'Content-Type': 'application/json', 'x-api-key': '12345_api_key', 'client_id': '12345', 'client_secret': '12345_secret', 'Content-Length': '287'} 
 body={ "service_id": "online_pay_consent", "batch_id": "3238", "body": [ { "external_reference": "oJtJfu9kmBBcyYnZMkPgCHatIL4ClDSi", "cif": "001088774", "data": { "currency": "USD", "amount": "50", "merchant_name": "Rothyyyyy Rothy yyyy Roth yyyyy", "card_mask": "1234 12** **59 1234" } } ] } 
 </msg>
<msg timestamp="20230525 16:06:10.360" level="INFO">POST Response : url=http://api-uat-internal.hatthabank.com/notification-service/api/1.0/information/ext-notification/send 
 status=200, reason=OK 
 headers={'Date': 'Thu, 25 May 2023 09:06:10 GMT', 'Content-Type': 'application/json', 'Transfer-Encoding': 'chunked', 'Vary': 'Origin, Access-Control-Request-Method, Access-Control-Request-Headers', 'X-Xss-Protection': '1 ; mode=block', 'Strict-Transport-Security': 'max-age=3153600; includeSubDomains', 'X-Frame-Options': 'DENY', 'X-Content-Type-Options': 'nosniff', 'Referrer-Policy': 'no-referrer', 'Content-Security-Policy': "default-src 'self' https:; font-src 'self' https: data:; img-src 'self' https: data:; object-src 'none'; script-src https:; style-src 'self' https: 'unsafe-inline'", 'X-Download-Options': 'noopen', 'X-Permitted-Cross-Domain-Policies': 'master-only', 'Cache-Control': 'no-cache, no-store, max-age=0, must-revalidate', 'Pragma': 'no-cache', 'Expires': '0', 'Access-Control-Allow-Origin': '*', 'Access-Control-Allow-Headers': '*', 'Access-Control-Max-Age': '3628800', 'Access-Control-Allow-Methods': 'GET, DELETE, OPTIONS, POST, PUT'} 
 body={"code":"S0001","title":null,"message":"Success.","data":[{"content":"You are paying amount 50 USD to Rothyyyyy Rothy yyyy Roth yyyyy with Visa Card  Tap confirm you are making this payment.","status":"PROCESSING","cause":null,"cif":"001088774","account_number":null,"service_id":"online_pay_consent","batch_id":"3238","external_reference":"oJtJfu9kmBBcyYnZMkPgCHatIL4ClDSi"}],"trace_id":"958cde9529e81c51"} 
 </msg>
<msg timestamp="20230525 16:06:10.360" level="INFO">${response} = &lt;Response [200]&gt;</msg>
<status status="PASS" starttime="20230525 16:06:10.209" endtime="20230525 16:06:10.360"/>
</kw>
<kw name="Log" library="BuiltIn">
<arg>${response}</arg>
<doc>Logs the given message with the given level.</doc>
<msg timestamp="20230525 16:06:10.360" level="INFO">&lt;Response [200]&gt;</msg>
<status status="PASS" starttime="20230525 16:06:10.360" endtime="20230525 16:06:10.360"/>
</kw>
<kw name="Check body response OOB and OTP notification" library="Verify_success">
<arg>${response.json()}</arg>
<kw name="Get Value From Json" library="JSONLibrary">
<var>${status_code}</var>
<arg>${resp}</arg>
<arg>$.code</arg>
<doc>Get Value From JSON using JSONPath</doc>
<msg timestamp="20230525 16:06:10.376" level="INFO">${status_code} = ['S0001']</msg>
<status status="PASS" starttime="20230525 16:06:10.360" endtime="20230525 16:06:10.376"/>
</kw>
<kw name="Get Value From Json" library="JSONLibrary">
<var>${smg}</var>
<arg>${resp}</arg>
<arg>$.message</arg>
<doc>Get Value From JSON using JSONPath</doc>
<msg timestamp="20230525 16:06:10.376" level="INFO">${smg} = ['Success.']</msg>
<status status="PASS" starttime="20230525 16:06:10.376" endtime="20230525 16:06:10.376"/>
</kw>
<kw name="Get Value From Json" library="JSONLibrary">
<var>${status}</var>
<arg>${resp}</arg>
<arg>$.data.[0].status</arg>
<doc>Get Value From JSON using JSONPath</doc>
<msg timestamp="20230525 16:06:10.400" level="INFO">${status} = ['PROCESSING']</msg>
<status status="PASS" starttime="20230525 16:06:10.376" endtime="20230525 16:06:10.400"/>
</kw>
<kw name="Get Value From Json" library="JSONLibrary">
<var>${cause}</var>
<arg>${resp}</arg>
<arg>$.data.[*].cause</arg>
<doc>Get Value From JSON using JSONPath</doc>
<msg timestamp="20230525 16:06:10.409" level="INFO">${cause} = [None]</msg>
<status status="PASS" starttime="20230525 16:06:10.400" endtime="20230525 16:06:10.409"/>
</kw>
<kw name="Run Keyword And Return Status" library="BuiltIn">
<var>${response_status}</var>
<arg>Should Be Equal As Strings</arg>
<arg>${status_code[0]}</arg>
<arg>S0001</arg>
<doc>Runs the given keyword with given arguments and returns the status as a Boolean value.</doc>
<kw name="Should Be Equal As Strings" library="BuiltIn">
<arg>${status_code[0]}</arg>
<arg>S0001</arg>
<doc>Fails if objects are unequal after converting them to strings.</doc>
<status status="PASS" starttime="20230525 16:06:10.410" endtime="20230525 16:06:10.411"/>
</kw>
<msg timestamp="20230525 16:06:10.411" level="INFO">${response_status} = True</msg>
<status status="PASS" starttime="20230525 16:06:10.410" endtime="20230525 16:06:10.411"/>
</kw>
<kw name="Should Be Equal As Strings" library="BuiltIn">
<arg>${status_code[0]}</arg>
<arg>S0001</arg>
<arg>We has found something went wrong!!</arg>
<arg>${smg}</arg>
<doc>Fails if objects are unequal after converting them to strings.</doc>
<status status="PASS" starttime="20230525 16:06:10.411" endtime="20230525 16:06:10.411"/>
</kw>
<kw name="Set Test Message" library="BuiltIn">
<arg>${cause[0]}</arg>
<doc>Sets message for the current test case.</doc>
<msg timestamp="20230525 16:06:10.411" level="INFO">Set test message to:
None</msg>
<status status="PASS" starttime="20230525 16:06:10.411" endtime="20230525 16:06:10.411"/>
</kw>
<status status="PASS" starttime="20230525 16:06:10.360" endtime="20230525 16:06:10.411"/>
</kw>
<kw name="Get Value From Json" library="JSONLibrary">
<var>${Get_external_referenc}</var>
<arg>${response.json()}</arg>
<arg>$.data.[0].external_reference</arg>
<doc>Get Value From JSON using JSONPath</doc>
<msg timestamp="20230525 16:06:10.411" level="INFO">${Get_external_referenc} = ['oJtJfu9kmBBcyYnZMkPgCHatIL4ClDSi']</msg>
<status status="PASS" starttime="20230525 16:06:10.411" endtime="20230525 16:06:10.411"/>
</kw>
<kw name="Log" library="BuiltIn">
<arg>${Get_external_referenc}</arg>
<doc>Logs the given message with the given level.</doc>
<msg timestamp="20230525 16:06:10.411" level="INFO">['oJtJfu9kmBBcyYnZMkPgCHatIL4ClDSi']</msg>
<status status="PASS" starttime="20230525 16:06:10.411" endtime="20230525 16:06:10.411"/>
</kw>
<kw name="Set Suite Variable" library="BuiltIn">
<arg>${Get_external_referenc}</arg>
<doc>Makes a variable available everywhere within the scope of the current suite.</doc>
<msg timestamp="20230525 16:06:10.411" level="INFO">${Get_external_referenc} = ['oJtJfu9kmBBcyYnZMkPgCHatIL4ClDSi']</msg>
<status status="PASS" starttime="20230525 16:06:10.411" endtime="20230525 16:06:10.411"/>
</kw>
<status status="PASS" starttime="20230525 16:06:10.208" endtime="20230525 16:06:10.411"/>
</kw>
<tag>positive</tag>
<status status="PASS" starttime="20230525 16:06:10.207" endtime="20230525 16:06:10.411">None</status>
</test>
<test id="s1-t3" name="Check Inquiry OOB notification by external reference" line="11">
<kw name="Get OOB notification by external rerference" library="oob_keyword">
<arg>${Get_external_referenc}</arg>
<kw name="Create Session" library="RequestsLibrary">
<arg>inquiry_data</arg>
<arg>${baseurl}</arg>
<arg>verify=true</arg>
<doc>Create Session: create a HTTP session to a server</doc>
<msg timestamp="20230525 16:06:10.411" level="INFO">Creating Session using : alias=inquiry_data, url=http://api-uat-internal.hatthabank.com/, headers={},                     cookies={}, auth=None, timeout=None, proxies=None, verify=True,                     debug=0 </msg>
<status status="PASS" starttime="20230525 16:06:10.411" endtime="20230525 16:06:10.411"/>
</kw>
<kw name="Create Dictionary" library="BuiltIn">
<var>${header}</var>
<arg>Content-Type=application/json</arg>
<arg>x-api-key=${x-api-key}</arg>
<arg>client_id=${client_id}</arg>
<arg>client_secret=${client_secret}</arg>
<doc>Creates and returns a dictionary based on the given ``items``.</doc>
<msg timestamp="20230525 16:06:10.411" level="INFO">${header} = {'Content-Type': 'application/json', 'x-api-key': '12345_api_key', 'client_id': '12345', 'client_secret': '12345_secret'}</msg>
<status status="PASS" starttime="20230525 16:06:10.411" endtime="20230525 16:06:10.411"/>
</kw>
<kw name="GET On Session" library="RequestsLibrary">
<var>${Response}</var>
<arg>inquiry_data</arg>
<arg>${inquiry_oob}/${external_key[0]}</arg>
<arg>headers=${header}</arg>
<arg>expected_status=anything</arg>
<doc>Sends a GET request on a previously created HTTP Session.</doc>
<msg timestamp="20230525 16:06:10.591" level="INFO">GET Request : url=http://api-uat-internal.hatthabank.com/notification-service/api/1.0/confirmation/oob/inquiry/oJtJfu9kmBBcyYnZMkPgCHatIL4ClDSi 
 path_url=/notification-service/api/1.0/confirmation/oob/inquiry/oJtJfu9kmBBcyYnZMkPgCHatIL4ClDSi 
 headers={'User-Agent': 'python-requests/2.30.0', 'Accept-Encoding': 'gzip, deflate', 'Accept': '*/*', 'Connection': 'keep-alive', 'Content-Type': 'application/json', 'x-api-key': '12345_api_key', 'client_id': '12345', 'client_secret': '12345_secret'} 
 body=None 
 </msg>
<msg timestamp="20230525 16:06:10.591" level="INFO">GET Response : url=http://api-uat-internal.hatthabank.com/notification-service/api/1.0/confirmation/oob/inquiry/oJtJfu9kmBBcyYnZMkPgCHatIL4ClDSi 
 status=200, reason=OK 
 headers={'Date': 'Thu, 25 May 2023 09:06:10 GMT', 'Content-Type': 'application/json', 'Transfer-Encoding': 'chunked', 'Vary': 'Origin, Access-Control-Request-Method, Access-Control-Request-Headers', 'X-Xss-Protection': '1 ; mode=block', 'Strict-Transport-Security': 'max-age=3153600; includeSubDomains', 'X-Frame-Options': 'DENY', 'X-Content-Type-Options': 'nosniff', 'Referrer-Policy': 'no-referrer', 'Content-Security-Policy': "default-src 'self' https:; font-src 'self' https: data:; img-src 'self' https: data:; object-src 'none'; script-src https:; style-src 'self' https: 'unsafe-inline'", 'X-Download-Options': 'noopen', 'X-Permitted-Cross-Domain-Policies': 'master-only', 'Cache-Control': 'no-cache, no-store, max-age=0, must-revalidate', 'Pragma': 'no-cache', 'Expires': '0', 'Access-Control-Allow-Origin': '*', 'Access-Control-Allow-Headers': '*', 'Access-Control-Max-Age': '3628800', 'Access-Control-Allow-Methods': 'GET, DELETE, OPTIONS, POST, PUT'} 
 body={"code":"S0001","title":null,"message":"Success.","data":{"content":"You are paying amount 50 USD to Rothyyyyy Rothy yyyy Roth yyyyy with Visa Card  Tap confirm you are making this payment.","title":"Verify Payment on Rothyyyyy Rothy yyyy Roth yyyyy","icon":"https://api-uat.hatthabank.com:6443/hattha-service/api/1.0/file/VISA/type/LOGO","currency":"USD","amount":50.0,"expired_timer":119,"confirm_status":"INITIAL","merchant_name":"Rothyyyyy Rothy yyyy Roth yyyyy","card_mask":"1234 12** **59 1234"},"trace_id":"c6700df65c4669c1"} 
 </msg>
<msg timestamp="20230525 16:06:10.591" level="INFO">${Response} = &lt;Response [200]&gt;</msg>
<status status="PASS" starttime="20230525 16:06:10.411" endtime="20230525 16:06:10.591"/>
</kw>
<kw name="Check OOB inquiry response body" library="Verify_success">
<arg>${Response.json()}</arg>
<kw name="Get Value From Json" library="JSONLibrary">
<var>${status_code}</var>
<arg>${resp}</arg>
<arg>$.code</arg>
<doc>Get Value From JSON using JSONPath</doc>
<msg timestamp="20230525 16:06:10.607" level="INFO">${status_code} = ['S0001']</msg>
<status status="PASS" starttime="20230525 16:06:10.591" endtime="20230525 16:06:10.607"/>
</kw>
<kw name="Get Value From Json" library="JSONLibrary">
<var>${smg}</var>
<arg>${resp}</arg>
<arg>$.message</arg>
<doc>Get Value From JSON using JSONPath</doc>
<msg timestamp="20230525 16:06:10.607" level="INFO">${smg} = ['Success.']</msg>
<status status="PASS" starttime="20230525 16:06:10.607" endtime="20230525 16:06:10.607"/>
</kw>
<if>
<branch type="IF" condition="&quot;${status_code[0]}&quot;==&quot;ECFM-001&quot;">
<kw name="Run Keyword And Return Status" library="BuiltIn">
<var>${response_status}</var>
<arg>Should Be Equal As Strings</arg>
<arg>${status_code[0]}</arg>
<arg>ECFM-001</arg>
<doc>Runs the given keyword with given arguments and returns the status as a Boolean value.</doc>
<status status="NOT RUN" starttime="20230525 16:06:10.607" endtime="20230525 16:06:10.607"/>
</kw>
<kw name="Should Be Equal As Strings" library="BuiltIn">
<arg>${status_code[0]}</arg>
<arg>ECFM-001</arg>
<arg>We has found something went wrong!!</arg>
<arg>${smg}</arg>
<doc>Fails if objects are unequal after converting them to strings.</doc>
<status status="NOT RUN" starttime="20230525 16:06:10.607" endtime="20230525 16:06:10.607"/>
</kw>
<status status="NOT RUN" starttime="20230525 16:06:10.607" endtime="20230525 16:06:10.607"/>
</branch>
<branch type="ELSE">
<kw name="Run Keyword And Return Status" library="BuiltIn">
<var>${response_status}</var>
<arg>Should Be Equal As Strings</arg>
<arg>${status_code[0]}</arg>
<arg>S0001</arg>
<doc>Runs the given keyword with given arguments and returns the status as a Boolean value.</doc>
<kw name="Should Be Equal As Strings" library="BuiltIn">
<arg>${status_code[0]}</arg>
<arg>S0001</arg>
<doc>Fails if objects are unequal after converting them to strings.</doc>
<status status="PASS" starttime="20230525 16:06:10.607" endtime="20230525 16:06:10.607"/>
</kw>
<msg timestamp="20230525 16:06:10.607" level="INFO">${response_status} = True</msg>
<status status="PASS" starttime="20230525 16:06:10.607" endtime="20230525 16:06:10.607"/>
</kw>
<kw name="Should Be Equal As Strings" library="BuiltIn">
<arg>${status_code[0]}</arg>
<arg>S0001</arg>
<arg>We has found something went wrong!!</arg>
<arg>${smg}</arg>
<doc>Fails if objects are unequal after converting them to strings.</doc>
<status status="PASS" starttime="20230525 16:06:10.607" endtime="20230525 16:06:10.607"/>
</kw>
<status status="PASS" starttime="20230525 16:06:10.607" endtime="20230525 16:06:10.607"/>
</branch>
<status status="PASS" starttime="20230525 16:06:10.607" endtime="20230525 16:06:10.607"/>
</if>
<kw name="Set Test Message" library="BuiltIn">
<arg>${smg[0]}</arg>
<doc>Sets message for the current test case.</doc>
<msg timestamp="20230525 16:06:10.607" level="INFO">Set test message to:
Success.</msg>
<status status="PASS" starttime="20230525 16:06:10.607" endtime="20230525 16:06:10.607"/>
</kw>
<status status="PASS" starttime="20230525 16:06:10.591" endtime="20230525 16:06:10.607"/>
</kw>
<status status="PASS" starttime="20230525 16:06:10.411" endtime="20230525 16:06:10.607"/>
</kw>
<tag>positive</tag>
<status status="PASS" starttime="20230525 16:06:10.411" endtime="20230525 16:06:10.607">Success.</status>
</test>
<test id="s1-t4" name="Check Inquiry OOB notification has expired" line="14">
<kw name="Get OOB notification has expired" library="oob_keyword">
<kw name="Create Session" library="RequestsLibrary">
<arg>inquiry_data</arg>
<arg>${baseurl}</arg>
<arg>verify=true</arg>
<doc>Create Session: create a HTTP session to a server</doc>
<msg timestamp="20230525 16:06:10.607" level="INFO">Creating Session using : alias=inquiry_data, url=http://api-uat-internal.hatthabank.com/, headers={},                     cookies={}, auth=None, timeout=None, proxies=None, verify=True,                     debug=0 </msg>
<status status="PASS" starttime="20230525 16:06:10.607" endtime="20230525 16:06:10.607"/>
</kw>
<kw name="Create Dictionary" library="BuiltIn">
<var>${header}</var>
<arg>Content-Type=application/json</arg>
<arg>x-api-key=${x-api-key}</arg>
<arg>client_id=${client_id}</arg>
<arg>client_secret=${client_secret}</arg>
<doc>Creates and returns a dictionary based on the given ``items``.</doc>
<msg timestamp="20230525 16:06:10.607" level="INFO">${header} = {'Content-Type': 'application/json', 'x-api-key': '12345_api_key', 'client_id': '12345', 'client_secret': '12345_secret'}</msg>
<status status="PASS" starttime="20230525 16:06:10.607" endtime="20230525 16:06:10.607"/>
</kw>
<kw name="GET On Session" library="RequestsLibrary">
<var>${Response}</var>
<arg>inquiry_data</arg>
<arg>${inquiry_oob}/k67224d947ec4f8c963090f3b912cda2</arg>
<arg>headers=${header}</arg>
<arg>expected_status=anything</arg>
<doc>Sends a GET request on a previously created HTTP Session.</doc>
<msg timestamp="20230525 16:06:10.772" level="INFO">GET Request : url=http://api-uat-internal.hatthabank.com/notification-service/api/1.0/confirmation/oob/inquiry/k67224d947ec4f8c963090f3b912cda2 
 path_url=/notification-service/api/1.0/confirmation/oob/inquiry/k67224d947ec4f8c963090f3b912cda2 
 headers={'User-Agent': 'python-requests/2.30.0', 'Accept-Encoding': 'gzip, deflate', 'Accept': '*/*', 'Connection': 'keep-alive', 'Content-Type': 'application/json', 'x-api-key': '12345_api_key', 'client_id': '12345', 'client_secret': '12345_secret'} 
 body=None 
 </msg>
<msg timestamp="20230525 16:06:10.772" level="INFO">GET Response : url=http://api-uat-internal.hatthabank.com/notification-service/api/1.0/confirmation/oob/inquiry/k67224d947ec4f8c963090f3b912cda2 
 status=200, reason=OK 
 headers={'Date': 'Thu, 25 May 2023 09:06:10 GMT', 'Content-Type': 'application/json', 'Transfer-Encoding': 'chunked', 'Vary': 'Origin, Access-Control-Request-Method, Access-Control-Request-Headers', 'X-Xss-Protection': '1 ; mode=block', 'Strict-Transport-Security': 'max-age=3153600; includeSubDomains', 'X-Frame-Options': 'DENY', 'X-Content-Type-Options': 'nosniff', 'Referrer-Policy': 'no-referrer', 'Content-Security-Policy': "default-src 'self' https:; font-src 'self' https: data:; img-src 'self' https: data:; object-src 'none'; script-src https:; style-src 'self' https: 'unsafe-inline'", 'X-Download-Options': 'noopen', 'X-Permitted-Cross-Domain-Policies': 'master-only', 'Cache-Control': 'no-cache, no-store, max-age=0, must-revalidate', 'Pragma': 'no-cache', 'Expires': '0', 'Access-Control-Allow-Origin': '*', 'Access-Control-Allow-Headers': '*', 'Access-Control-Max-Age': '3628800', 'Access-Control-Allow-Methods': 'GET, DELETE, OPTIONS, POST, PUT'} 
 body={"code":"S0001","title":null,"message":"Success.","data":{"content":"You are paying amount 50 USD to Rothyyyyy Rothy yyyy Roth yyyyy with Visa Card  Tap confirm you are making this payment.","title":"Verify Payment on Rothyyyyy Rothy yyyy Roth yyyyy","icon":"https://api-uat.hatthabank.com:6443/hattha-service/api/1.0/file/VISA/type/LOGO","currency":"USD","amount":50.0,"expired_timer":0,"confirm_status":"EXPIRED","merchant_name":"Rothyyyyy Rothy yyyy Roth yyyyy","card_mask":"1234 12** **59 1234"},"trace_id":"e88ceb6efb5449b7"} 
 </msg>
<msg timestamp="20230525 16:06:10.772" level="INFO">${Response} = &lt;Response [200]&gt;</msg>
<status status="PASS" starttime="20230525 16:06:10.607" endtime="20230525 16:06:10.772"/>
</kw>
<kw name="Check OOB inquiry response body" library="Verify_success">
<arg>${Response.json()}</arg>
<kw name="Get Value From Json" library="JSONLibrary">
<var>${status_code}</var>
<arg>${resp}</arg>
<arg>$.code</arg>
<doc>Get Value From JSON using JSONPath</doc>
<msg timestamp="20230525 16:06:10.796" level="INFO">${status_code} = ['S0001']</msg>
<status status="PASS" starttime="20230525 16:06:10.772" endtime="20230525 16:06:10.796"/>
</kw>
<kw name="Get Value From Json" library="JSONLibrary">
<var>${smg}</var>
<arg>${resp}</arg>
<arg>$.message</arg>
<doc>Get Value From JSON using JSONPath</doc>
<msg timestamp="20230525 16:06:10.806" level="INFO">${smg} = ['Success.']</msg>
<status status="PASS" starttime="20230525 16:06:10.796" endtime="20230525 16:06:10.806"/>
</kw>
<if>
<branch type="IF" condition="&quot;${status_code[0]}&quot;==&quot;ECFM-001&quot;">
<kw name="Run Keyword And Return Status" library="BuiltIn">
<var>${response_status}</var>
<arg>Should Be Equal As Strings</arg>
<arg>${status_code[0]}</arg>
<arg>ECFM-001</arg>
<doc>Runs the given keyword with given arguments and returns the status as a Boolean value.</doc>
<status status="NOT RUN" starttime="20230525 16:06:10.806" endtime="20230525 16:06:10.806"/>
</kw>
<kw name="Should Be Equal As Strings" library="BuiltIn">
<arg>${status_code[0]}</arg>
<arg>ECFM-001</arg>
<arg>We has found something went wrong!!</arg>
<arg>${smg}</arg>
<doc>Fails if objects are unequal after converting them to strings.</doc>
<status status="NOT RUN" starttime="20230525 16:06:10.806" endtime="20230525 16:06:10.806"/>
</kw>
<status status="NOT RUN" starttime="20230525 16:06:10.806" endtime="20230525 16:06:10.806"/>
</branch>
<branch type="ELSE">
<kw name="Run Keyword And Return Status" library="BuiltIn">
<var>${response_status}</var>
<arg>Should Be Equal As Strings</arg>
<arg>${status_code[0]}</arg>
<arg>S0001</arg>
<doc>Runs the given keyword with given arguments and returns the status as a Boolean value.</doc>
<kw name="Should Be Equal As Strings" library="BuiltIn">
<arg>${status_code[0]}</arg>
<arg>S0001</arg>
<doc>Fails if objects are unequal after converting them to strings.</doc>
<status status="PASS" starttime="20230525 16:06:10.806" endtime="20230525 16:06:10.806"/>
</kw>
<msg timestamp="20230525 16:06:10.806" level="INFO">${response_status} = True</msg>
<status status="PASS" starttime="20230525 16:06:10.806" endtime="20230525 16:06:10.806"/>
</kw>
<kw name="Should Be Equal As Strings" library="BuiltIn">
<arg>${status_code[0]}</arg>
<arg>S0001</arg>
<arg>We has found something went wrong!!</arg>
<arg>${smg}</arg>
<doc>Fails if objects are unequal after converting them to strings.</doc>
<status status="PASS" starttime="20230525 16:06:10.806" endtime="20230525 16:06:10.806"/>
</kw>
<status status="PASS" starttime="20230525 16:06:10.806" endtime="20230525 16:06:10.806"/>
</branch>
<status status="PASS" starttime="20230525 16:06:10.806" endtime="20230525 16:06:10.806"/>
</if>
<kw name="Set Test Message" library="BuiltIn">
<arg>${smg[0]}</arg>
<doc>Sets message for the current test case.</doc>
<msg timestamp="20230525 16:06:10.806" level="INFO">Set test message to:
Success.</msg>
<status status="PASS" starttime="20230525 16:06:10.806" endtime="20230525 16:06:10.806"/>
</kw>
<status status="PASS" starttime="20230525 16:06:10.772" endtime="20230525 16:06:10.806"/>
</kw>
<status status="PASS" starttime="20230525 16:06:10.607" endtime="20230525 16:06:10.806"/>
</kw>
<tag>positive</tag>
<status status="PASS" starttime="20230525 16:06:10.607" endtime="20230525 16:06:10.806">Success.</status>
</test>
<test id="s1-t5" name="Check Inquiry OOB nofication has failed" line="17">
<kw name="Get OOB notification has failed" library="oob_keyword">
<kw name="Create Session" library="RequestsLibrary">
<arg>inquiry_data</arg>
<arg>${baseurl}</arg>
<arg>verify=true</arg>
<doc>Create Session: create a HTTP session to a server</doc>
<msg timestamp="20230525 16:06:10.806" level="INFO">Creating Session using : alias=inquiry_data, url=http://api-uat-internal.hatthabank.com/, headers={},                     cookies={}, auth=None, timeout=None, proxies=None, verify=True,                     debug=0 </msg>
<status status="PASS" starttime="20230525 16:06:10.806" endtime="20230525 16:06:10.806"/>
</kw>
<kw name="Create Dictionary" library="BuiltIn">
<var>${header}</var>
<arg>Content-Type=application/json</arg>
<arg>x-api-key=${x-api-key}</arg>
<arg>client_id=${client_id}</arg>
<arg>client_secret=${client_secret}</arg>
<doc>Creates and returns a dictionary based on the given ``items``.</doc>
<msg timestamp="20230525 16:06:10.806" level="INFO">${header} = {'Content-Type': 'application/json', 'x-api-key': '12345_api_key', 'client_id': '12345', 'client_secret': '12345_secret'}</msg>
<status status="PASS" starttime="20230525 16:06:10.806" endtime="20230525 16:06:10.806"/>
</kw>
<kw name="GET On Session" library="RequestsLibrary">
<var>${Response}</var>
<arg>inquiry_data</arg>
<arg>${inquiry_oob}/k67224d947ec4f8c963090f3b912cda8</arg>
<arg>headers=${header}</arg>
<arg>expected_status=anything</arg>
<doc>Sends a GET request on a previously created HTTP Session.</doc>
<msg timestamp="20230525 16:06:10.987" level="INFO">GET Request : url=http://api-uat-internal.hatthabank.com/notification-service/api/1.0/confirmation/oob/inquiry/k67224d947ec4f8c963090f3b912cda8 
 path_url=/notification-service/api/1.0/confirmation/oob/inquiry/k67224d947ec4f8c963090f3b912cda8 
 headers={'User-Agent': 'python-requests/2.30.0', 'Accept-Encoding': 'gzip, deflate', 'Accept': '*/*', 'Connection': 'keep-alive', 'Content-Type': 'application/json', 'x-api-key': '12345_api_key', 'client_id': '12345', 'client_secret': '12345_secret'} 
 body=None 
 </msg>
<msg timestamp="20230525 16:06:10.987" level="INFO">GET Response : url=http://api-uat-internal.hatthabank.com/notification-service/api/1.0/confirmation/oob/inquiry/k67224d947ec4f8c963090f3b912cda8 
 status=200, reason=OK 
 headers={'Date': 'Thu, 25 May 2023 09:06:10 GMT', 'Content-Type': 'application/json', 'Transfer-Encoding': 'chunked', 'Vary': 'Origin, Access-Control-Request-Method, Access-Control-Request-Headers', 'X-Xss-Protection': '1 ; mode=block', 'Strict-Transport-Security': 'max-age=3153600; includeSubDomains', 'X-Frame-Options': 'DENY', 'X-Content-Type-Options': 'nosniff', 'Referrer-Policy': 'no-referrer', 'Content-Security-Policy': "default-src 'self' https:; font-src 'self' https: data:; img-src 'self' https: data:; object-src 'none'; script-src https:; style-src 'self' https: 'unsafe-inline'", 'X-Download-Options': 'noopen', 'X-Permitted-Cross-Domain-Policies': 'master-only', 'Cache-Control': 'no-cache, no-store, max-age=0, must-revalidate', 'Pragma': 'no-cache', 'Expires': '0', 'Access-Control-Allow-Origin': '*', 'Access-Control-Allow-Headers': '*', 'Access-Control-Max-Age': '3628800', 'Access-Control-Allow-Methods': 'GET, DELETE, OPTIONS, POST, PUT'} 
 body={"code":"S0001","title":null,"message":"Success.","data":{"content":"You are paying amount 50 USD to Rothyyyyy Rothy yyyy Roth yyyyy with Visa Card  Tap confirm you are making this payment.","title":"Verify Payment on Rothyyyyy Rothy yyyy Roth yyyyy","icon":"https://api-uat.hatthabank.com:6443/hattha-service/api/1.0/file/VISA/type/LOGO","currency":"USD","amount":50.0,"expired_timer":0,"confirm_status":"FAILED","merchant_name":"Rothyyyyy Rothy yyyy Roth yyyyy","card_mask":"1234 12** **59 1234"},"trace_id":"179e59ab28250cf4"} 
 </msg>
<msg timestamp="20230525 16:06:10.987" level="INFO">${Response} = &lt;Response [200]&gt;</msg>
<status status="PASS" starttime="20230525 16:06:10.806" endtime="20230525 16:06:10.987"/>
</kw>
<kw name="Check OOB inquiry response body" library="Verify_success">
<arg>${Response.json()}</arg>
<kw name="Get Value From Json" library="JSONLibrary">
<var>${status_code}</var>
<arg>${resp}</arg>
<arg>$.code</arg>
<doc>Get Value From JSON using JSONPath</doc>
<msg timestamp="20230525 16:06:11.003" level="INFO">${status_code} = ['S0001']</msg>
<status status="PASS" starttime="20230525 16:06:10.987" endtime="20230525 16:06:11.003"/>
</kw>
<kw name="Get Value From Json" library="JSONLibrary">
<var>${smg}</var>
<arg>${resp}</arg>
<arg>$.message</arg>
<doc>Get Value From JSON using JSONPath</doc>
<msg timestamp="20230525 16:06:11.003" level="INFO">${smg} = ['Success.']</msg>
<status status="PASS" starttime="20230525 16:06:11.003" endtime="20230525 16:06:11.003"/>
</kw>
<if>
<branch type="IF" condition="&quot;${status_code[0]}&quot;==&quot;ECFM-001&quot;">
<kw name="Run Keyword And Return Status" library="BuiltIn">
<var>${response_status}</var>
<arg>Should Be Equal As Strings</arg>
<arg>${status_code[0]}</arg>
<arg>ECFM-001</arg>
<doc>Runs the given keyword with given arguments and returns the status as a Boolean value.</doc>
<status status="NOT RUN" starttime="20230525 16:06:11.003" endtime="20230525 16:06:11.003"/>
</kw>
<kw name="Should Be Equal As Strings" library="BuiltIn">
<arg>${status_code[0]}</arg>
<arg>ECFM-001</arg>
<arg>We has found something went wrong!!</arg>
<arg>${smg}</arg>
<doc>Fails if objects are unequal after converting them to strings.</doc>
<status status="NOT RUN" starttime="20230525 16:06:11.003" endtime="20230525 16:06:11.003"/>
</kw>
<status status="NOT RUN" starttime="20230525 16:06:11.003" endtime="20230525 16:06:11.003"/>
</branch>
<branch type="ELSE">
<kw name="Run Keyword And Return Status" library="BuiltIn">
<var>${response_status}</var>
<arg>Should Be Equal As Strings</arg>
<arg>${status_code[0]}</arg>
<arg>S0001</arg>
<doc>Runs the given keyword with given arguments and returns the status as a Boolean value.</doc>
<kw name="Should Be Equal As Strings" library="BuiltIn">
<arg>${status_code[0]}</arg>
<arg>S0001</arg>
<doc>Fails if objects are unequal after converting them to strings.</doc>
<status status="PASS" starttime="20230525 16:06:11.003" endtime="20230525 16:06:11.003"/>
</kw>
<msg timestamp="20230525 16:06:11.003" level="INFO">${response_status} = True</msg>
<status status="PASS" starttime="20230525 16:06:11.003" endtime="20230525 16:06:11.003"/>
</kw>
<kw name="Should Be Equal As Strings" library="BuiltIn">
<arg>${status_code[0]}</arg>
<arg>S0001</arg>
<arg>We has found something went wrong!!</arg>
<arg>${smg}</arg>
<doc>Fails if objects are unequal after converting them to strings.</doc>
<status status="PASS" starttime="20230525 16:06:11.003" endtime="20230525 16:06:11.003"/>
</kw>
<status status="PASS" starttime="20230525 16:06:11.003" endtime="20230525 16:06:11.003"/>
</branch>
<status status="PASS" starttime="20230525 16:06:11.003" endtime="20230525 16:06:11.003"/>
</if>
<kw name="Set Test Message" library="BuiltIn">
<arg>${smg[0]}</arg>
<doc>Sets message for the current test case.</doc>
<msg timestamp="20230525 16:06:11.003" level="INFO">Set test message to:
Success.</msg>
<status status="PASS" starttime="20230525 16:06:11.003" endtime="20230525 16:06:11.003"/>
</kw>
<status status="PASS" starttime="20230525 16:06:10.987" endtime="20230525 16:06:11.003"/>
</kw>
<status status="PASS" starttime="20230525 16:06:10.806" endtime="20230525 16:06:11.003"/>
</kw>
<tag>positive</tag>
<status status="PASS" starttime="20230525 16:06:10.806" endtime="20230525 16:06:11.019">Success.</status>
</test>
<test id="s1-t6" name="Check approve OOB notification" line="20">
<kw name="Approve OOB notification" library="oob_keyword">
<arg>${Get_external_referenc}</arg>
<kw name="Create Session" library="RequestsLibrary">
<arg>oob_approve</arg>
<arg>${baseurl}</arg>
<arg>verify=true</arg>
<doc>Create Session: create a HTTP session to a server</doc>
<msg timestamp="20230525 16:06:11.021" level="INFO">Creating Session using : alias=oob_approve, url=http://api-uat-internal.hatthabank.com/, headers={},                     cookies={}, auth=None, timeout=None, proxies=None, verify=True,                     debug=0 </msg>
<status status="PASS" starttime="20230525 16:06:11.021" endtime="20230525 16:06:11.021"/>
</kw>
<kw name="Create Dictionary" library="BuiltIn">
<var>${header}</var>
<arg>Content-Type=application/json</arg>
<arg>x-api-key=${x-api-key}</arg>
<arg>client_id=${client_id}</arg>
<arg>client_secret=${client_secret}</arg>
<doc>Creates and returns a dictionary based on the given ``items``.</doc>
<msg timestamp="20230525 16:06:11.021" level="INFO">${header} = {'Content-Type': 'application/json', 'x-api-key': '12345_api_key', 'client_id': '12345', 'client_secret': '12345_secret'}</msg>
<status status="PASS" starttime="20230525 16:06:11.021" endtime="20230525 16:06:11.021"/>
</kw>
<kw name="Catenate" library="BuiltIn">
<var>${json}</var>
<arg>{</arg>
<arg>"ext_ref": "${external_key[0]}"</arg>
<arg>}</arg>
<doc>Catenates the given items together and returns the resulted string.</doc>
<msg timestamp="20230525 16:06:11.022" level="INFO">${json} = { "ext_ref": "oJtJfu9kmBBcyYnZMkPgCHatIL4ClDSi" }</msg>
<status status="PASS" starttime="20230525 16:06:11.021" endtime="20230525 16:06:11.022"/>
</kw>
<kw name="POST On Session" library="RequestsLibrary">
<var>${Response}</var>
<arg>oob_approve</arg>
<arg>${approve_oob}</arg>
<arg>data=${json}</arg>
<arg>headers=${header}</arg>
<arg>expected_status=anything</arg>
<doc>Sends a POST request on a previously created HTTP Session.</doc>
<msg timestamp="20230525 16:06:11.679" level="INFO">POST Request : url=http://api-uat-internal.hatthabank.com/notification-service/api/1.0/confirmation/oob/APPROVED 
 path_url=/notification-service/api/1.0/confirmation/oob/APPROVED 
 headers={'User-Agent': 'python-requests/2.30.0', 'Accept-Encoding': 'gzip, deflate', 'Accept': '*/*', 'Connection': 'keep-alive', 'Content-Type': 'application/json', 'x-api-key': '12345_api_key', 'client_id': '12345', 'client_secret': '12345_secret', 'Content-Length': '49'} 
 body={ "ext_ref": "oJtJfu9kmBBcyYnZMkPgCHatIL4ClDSi" } 
 </msg>
<msg timestamp="20230525 16:06:11.679" level="INFO">POST Response : url=http://api-uat-internal.hatthabank.com/notification-service/api/1.0/confirmation/oob/APPROVED 
 status=400, reason=Bad Request 
 headers={'Date': 'Thu, 25 May 2023 09:06:11 GMT', 'Content-Type': 'application/json', 'Transfer-Encoding': 'chunked', 'Vary': 'Origin, Access-Control-Request-Method, Access-Control-Request-Headers', 'X-Xss-Protection': '1 ; mode=block', 'Strict-Transport-Security': 'max-age=3153600; includeSubDomains', 'X-Frame-Options': 'DENY', 'X-Content-Type-Options': 'nosniff', 'Referrer-Policy': 'no-referrer', 'Content-Security-Policy': "default-src 'self' https:; font-src 'self' https: data:; img-src 'self' https: data:; object-src 'none'; script-src https:; style-src 'self' https: 'unsafe-inline'", 'X-Download-Options': 'noopen', 'X-Permitted-Cross-Domain-Policies': 'master-only', 'Cache-Control': 'no-cache, no-store, max-age=0, must-revalidate', 'Pragma': 'no-cache', 'Expires': '0', 'Access-Control-Allow-Origin': '*', 'Access-Control-Allow-Headers': '*', 'Access-Control-Max-Age': '3628800', 'Access-Control-Allow-Methods': 'GET, DELETE, OPTIONS, POST, PUT'} 
 body={"code":"ECFM-004","title":null,"message":"Confirmation Failed!","data":null,"trace_id":"69c4ac16deeec334"} 
 </msg>
<msg timestamp="20230525 16:06:11.679" level="INFO">${Response} = &lt;Response [400]&gt;</msg>
<status status="PASS" starttime="20230525 16:06:11.022" endtime="20230525 16:06:11.679"/>
</kw>
<kw name="Check body approve or reject OOB notification" library="Verify_success">
<arg>${Response.json()}</arg>
<kw name="Get Value From Json" library="JSONLibrary">
<var>${status_code}</var>
<arg>${resp}</arg>
<arg>$.code</arg>
<doc>Get Value From JSON using JSONPath</doc>
<msg timestamp="20230525 16:06:11.695" level="INFO">${status_code} = ['ECFM-004']</msg>
<status status="PASS" starttime="20230525 16:06:11.679" endtime="20230525 16:06:11.695"/>
</kw>
<kw name="Get Value From Json" library="JSONLibrary">
<var>${smg}</var>
<arg>${resp}</arg>
<arg>$.message</arg>
<doc>Get Value From JSON using JSONPath</doc>
<msg timestamp="20230525 16:06:11.714" level="INFO">${smg} = ['Confirmation Failed!']</msg>
<status status="PASS" starttime="20230525 16:06:11.695" endtime="20230525 16:06:11.714"/>
</kw>
<if>
<branch type="IF" condition="&quot;${status_code[0]}&quot;==&quot;ECFM-004&quot;">
<kw name="Run Keyword And Return Status" library="BuiltIn">
<var>${response_status}</var>
<arg>Should Be Equal As Strings</arg>
<arg>${status_code[0]}</arg>
<arg>ECFM-004</arg>
<doc>Runs the given keyword with given arguments and returns the status as a Boolean value.</doc>
<kw name="Should Be Equal As Strings" library="BuiltIn">
<arg>${status_code[0]}</arg>
<arg>ECFM-004</arg>
<doc>Fails if objects are unequal after converting them to strings.</doc>
<status status="PASS" starttime="20230525 16:06:11.715" endtime="20230525 16:06:11.715"/>
</kw>
<msg timestamp="20230525 16:06:11.715" level="INFO">${response_status} = True</msg>
<status status="PASS" starttime="20230525 16:06:11.715" endtime="20230525 16:06:11.715"/>
</kw>
<kw name="Should Be Equal As Strings" library="BuiltIn">
<arg>${status_code[0]}</arg>
<arg>ECFM-004</arg>
<arg>We has found something went wrong!!</arg>
<arg>${smg}</arg>
<doc>Fails if objects are unequal after converting them to strings.</doc>
<status status="PASS" starttime="20230525 16:06:11.715" endtime="20230525 16:06:11.716"/>
</kw>
<status status="PASS" starttime="20230525 16:06:11.715" endtime="20230525 16:06:11.716"/>
</branch>
<branch type="ELSE IF" condition="&quot;${status_code[0]}&quot;==&quot;ECFM-002&quot;">
<kw name="Run Keyword And Return Status" library="BuiltIn">
<var>${response_status}</var>
<arg>Should Be Equal As Strings</arg>
<arg>${status_code[0]}</arg>
<arg>ECFM-002</arg>
<doc>Runs the given keyword with given arguments and returns the status as a Boolean value.</doc>
<status status="NOT RUN" starttime="20230525 16:06:11.716" endtime="20230525 16:06:11.716"/>
</kw>
<kw name="Should Be Equal As Strings" library="BuiltIn">
<arg>${status_code[0]}</arg>
<arg>ECFM-002</arg>
<arg>We has found something went wrong!!</arg>
<arg>${smg}</arg>
<doc>Fails if objects are unequal after converting them to strings.</doc>
<status status="NOT RUN" starttime="20230525 16:06:11.716" endtime="20230525 16:06:11.716"/>
</kw>
<status status="NOT RUN" starttime="20230525 16:06:11.716" endtime="20230525 16:06:11.716"/>
</branch>
<branch type="ELSE IF" condition="&quot;${status_code[0]}&quot;==&quot;ECFM-001&quot;">
<kw name="Run Keyword And Return Status" library="BuiltIn">
<var>${response_status}</var>
<arg>Should Be Equal As Strings</arg>
<arg>${status_code[0]}</arg>
<arg>ECFM-001</arg>
<doc>Runs the given keyword with given arguments and returns the status as a Boolean value.</doc>
<status status="NOT RUN" starttime="20230525 16:06:11.716" endtime="20230525 16:06:11.716"/>
</kw>
<kw name="Should Be Equal As Strings" library="BuiltIn">
<arg>${status_code[0]}</arg>
<arg>ECFM-001</arg>
<arg>We has found something went wrong!!</arg>
<arg>${smg}</arg>
<doc>Fails if objects are unequal after converting them to strings.</doc>
<status status="NOT RUN" starttime="20230525 16:06:11.716" endtime="20230525 16:06:11.716"/>
</kw>
<status status="NOT RUN" starttime="20230525 16:06:11.716" endtime="20230525 16:06:11.716"/>
</branch>
<branch type="ELSE IF" condition="&quot;${status_code[0]}&quot;==&quot;EF0001&quot;">
<kw name="Run Keyword And Return Status" library="BuiltIn">
<var>${response_status}</var>
<arg>Should Be Equal As Strings</arg>
<arg>${status_code[0]}</arg>
<arg>EF0001</arg>
<doc>Runs the given keyword with given arguments and returns the status as a Boolean value.</doc>
<status status="NOT RUN" starttime="20230525 16:06:11.716" endtime="20230525 16:06:11.716"/>
</kw>
<kw name="Should Be Equal As Strings" library="BuiltIn">
<arg>${status_code[0]}</arg>
<arg>EF0001</arg>
<arg>We has found something went wrong!!</arg>
<arg>${smg}</arg>
<doc>Fails if objects are unequal after converting them to strings.</doc>
<status status="NOT RUN" starttime="20230525 16:06:11.716" endtime="20230525 16:06:11.716"/>
</kw>
<status status="NOT RUN" starttime="20230525 16:06:11.716" endtime="20230525 16:06:11.716"/>
</branch>
<branch type="ELSE IF" condition="&quot;${status_code[0]}&quot;==&quot;E0001&quot;">
<kw name="Run Keyword And Return Status" library="BuiltIn">
<var>${response_status}</var>
<arg>Should Be Equal As Strings</arg>
<arg>${status_code[0]}</arg>
<arg>E0001</arg>
<doc>Runs the given keyword with given arguments and returns the status as a Boolean value.</doc>
<status status="NOT RUN" starttime="20230525 16:06:11.716" endtime="20230525 16:06:11.716"/>
</kw>
<kw name="Should Be Equal As Strings" library="BuiltIn">
<arg>${status_code[0]}</arg>
<arg>E0001</arg>
<arg>We has found something went wrong!!</arg>
<arg>${smg}</arg>
<doc>Fails if objects are unequal after converting them to strings.</doc>
<status status="NOT RUN" starttime="20230525 16:06:11.716" endtime="20230525 16:06:11.716"/>
</kw>
<status status="NOT RUN" starttime="20230525 16:06:11.716" endtime="20230525 16:06:11.716"/>
</branch>
<branch type="ELSE">
<kw name="Run Keyword And Return Status" library="BuiltIn">
<var>${response_status}</var>
<arg>Should Be Equal As Strings</arg>
<arg>${status_code[0]}</arg>
<arg>S0001</arg>
<doc>Runs the given keyword with given arguments and returns the status as a Boolean value.</doc>
<status status="NOT RUN" starttime="20230525 16:06:11.717" endtime="20230525 16:06:11.717"/>
</kw>
<kw name="Should Be Equal As Strings" library="BuiltIn">
<arg>${status_code[0]}</arg>
<arg>S0001</arg>
<arg>We has found something went wrong!!</arg>
<arg>${smg}</arg>
<doc>Fails if objects are unequal after converting them to strings.</doc>
<status status="NOT RUN" starttime="20230525 16:06:11.717" endtime="20230525 16:06:11.717"/>
</kw>
<status status="NOT RUN" starttime="20230525 16:06:11.716" endtime="20230525 16:06:11.717"/>
</branch>
<status status="PASS" starttime="20230525 16:06:11.715" endtime="20230525 16:06:11.717"/>
</if>
<kw name="Set Test Message" library="BuiltIn">
<arg>${smg[0]}</arg>
<doc>Sets message for the current test case.</doc>
<msg timestamp="20230525 16:06:11.717" level="INFO">Set test message to:
Confirmation Failed!</msg>
<status status="PASS" starttime="20230525 16:06:11.717" endtime="20230525 16:06:11.717"/>
</kw>
<status status="PASS" starttime="20230525 16:06:11.679" endtime="20230525 16:06:11.717"/>
</kw>
<status status="PASS" starttime="20230525 16:06:11.021" endtime="20230525 16:06:11.717"/>
</kw>
<tag>positive</tag>
<status status="PASS" starttime="20230525 16:06:11.020" endtime="20230525 16:06:11.718">Confirmation Failed!</status>
</test>
<test id="s1-t7" name="Check reject OOB notification" line="23">
<kw name="Reject OOB notification" library="oob_keyword">
<kw name="Create Session" library="RequestsLibrary">
<arg>Pushnotification</arg>
<arg>${baseurl}</arg>
<doc>Create Session: create a HTTP session to a server</doc>
<msg timestamp="20230525 16:06:11.721" level="INFO">Creating Session using : alias=Pushnotification, url=http://api-uat-internal.hatthabank.com/, headers={},                     cookies={}, auth=None, timeout=None, proxies=None, verify=False,                     debug=0 </msg>
<status status="PASS" starttime="20230525 16:06:11.721" endtime="20230525 16:06:11.721"/>
</kw>
<kw name="Generate Random String" library="String">
<var>${external_reference}</var>
<arg>32</arg>
<arg>[LETTERS][NUMBERS]</arg>
<doc>Generates a string with a desired ``length`` from the given ``chars``.</doc>
<msg timestamp="20230525 16:06:11.721" level="INFO">${external_reference} = 3XTX6yU2CPVTnR92p1jjgOJkaZx3S0hF</msg>
<status status="PASS" starttime="20230525 16:06:11.721" endtime="20230525 16:06:11.721"/>
</kw>
<kw name="Create Dictionary" library="BuiltIn">
<var>${headers}</var>
<arg>Content-Type=application/json</arg>
<arg>x-api-key=${x-api-key}</arg>
<arg>client_id=${client_id}</arg>
<arg>client_secret=${client_secret}</arg>
<doc>Creates and returns a dictionary based on the given ``items``.</doc>
<msg timestamp="20230525 16:06:11.721" level="INFO">${headers} = {'Content-Type': 'application/json', 'x-api-key': '12345_api_key', 'client_id': '12345', 'client_secret': '12345_secret'}</msg>
<status status="PASS" starttime="20230525 16:06:11.721" endtime="20230525 16:06:11.721"/>
</kw>
<kw name="Catenate" library="BuiltIn">
<var>${json}</var>
<arg>{</arg>
<arg>"service_id": "online_pay_consent",</arg>
<arg>"batch_id": "3238",</arg>
<arg>"body": [</arg>
<arg>{</arg>
<arg>"external_reference": "${external_reference}",</arg>
<arg>"cif": "${cif}",</arg>
<arg>"data": {</arg>
<arg>"currency": "USD",</arg>
<arg>"amount": "50",</arg>
<arg>"merchant_name": "Rothyyyyy Rothy yyyy Roth yyyyy",</arg>
<arg>"card_mask": "1234 12** **59 1234"</arg>
<arg>}</arg>
<arg>}</arg>
<arg>]</arg>
<arg>}</arg>
<doc>Catenates the given items together and returns the resulted string.</doc>
<msg timestamp="20230525 16:06:11.722" level="INFO">${json} = { "service_id": "online_pay_consent", "batch_id": "3238", "body": [ { "external_reference": "3XTX6yU2CPVTnR92p1jjgOJkaZx3S0hF", "cif": "001088774", "data": { "currency": "USD", "amount": "50", "mercha...</msg>
<status status="PASS" starttime="20230525 16:06:11.721" endtime="20230525 16:06:11.722"/>
</kw>
<kw name="Log" library="BuiltIn">
<arg>${json}</arg>
<doc>Logs the given message with the given level.</doc>
<msg timestamp="20230525 16:06:11.722" level="INFO">{ "service_id": "online_pay_consent", "batch_id": "3238", "body": [ { "external_reference": "3XTX6yU2CPVTnR92p1jjgOJkaZx3S0hF", "cif": "001088774", "data": { "currency": "USD", "amount": "50", "merchant_name": "Rothyyyyy Rothy yyyy Roth yyyyy", "card_mask": "1234 12** **59 1234" } } ] }</msg>
<status status="PASS" starttime="20230525 16:06:11.722" endtime="20230525 16:06:11.722"/>
</kw>
<kw name="POST On Session" library="RequestsLibrary">
<var>${response}</var>
<arg>Pushnotification</arg>
<arg>${sendoob}</arg>
<arg>data=${json}</arg>
<arg>headers=${headers}</arg>
<doc>Sends a POST request on a previously created HTTP Session.</doc>
<msg timestamp="20230525 16:06:12.026" level="INFO">POST Request : url=http://api-uat-internal.hatthabank.com/notification-service/api/1.0/information/ext-notification/send 
 path_url=/notification-service/api/1.0/information/ext-notification/send 
 headers={'User-Agent': 'python-requests/2.30.0', 'Accept-Encoding': 'gzip, deflate', 'Accept': '*/*', 'Connection': 'keep-alive', 'Content-Type': 'application/json', 'x-api-key': '12345_api_key', 'client_id': '12345', 'client_secret': '12345_secret', 'Content-Length': '287'} 
 body={ "service_id": "online_pay_consent", "batch_id": "3238", "body": [ { "external_reference": "3XTX6yU2CPVTnR92p1jjgOJkaZx3S0hF", "cif": "001088774", "data": { "currency": "USD", "amount": "50", "merchant_name": "Rothyyyyy Rothy yyyy Roth yyyyy", "card_mask": "1234 12** **59 1234" } } ] } 
 </msg>
<msg timestamp="20230525 16:06:12.026" level="INFO">POST Response : url=http://api-uat-internal.hatthabank.com/notification-service/api/1.0/information/ext-notification/send 
 status=200, reason=OK 
 headers={'Date': 'Thu, 25 May 2023 09:06:11 GMT', 'Content-Type': 'application/json', 'Transfer-Encoding': 'chunked', 'Vary': 'Origin, Access-Control-Request-Method, Access-Control-Request-Headers', 'X-Xss-Protection': '1 ; mode=block', 'Strict-Transport-Security': 'max-age=3153600; includeSubDomains', 'X-Frame-Options': 'DENY', 'X-Content-Type-Options': 'nosniff', 'Referrer-Policy': 'no-referrer', 'Content-Security-Policy': "default-src 'self' https:; font-src 'self' https: data:; img-src 'self' https: data:; object-src 'none'; script-src https:; style-src 'self' https: 'unsafe-inline'", 'X-Download-Options': 'noopen', 'X-Permitted-Cross-Domain-Policies': 'master-only', 'Cache-Control': 'no-cache, no-store, max-age=0, must-revalidate', 'Pragma': 'no-cache', 'Expires': '0', 'Access-Control-Allow-Origin': '*', 'Access-Control-Allow-Headers': '*', 'Access-Control-Max-Age': '3628800', 'Access-Control-Allow-Methods': 'GET, DELETE, OPTIONS, POST, PUT'} 
 body={"code":"S0001","title":null,"message":"Success.","data":[{"content":"You are paying amount 50 USD to Rothyyyyy Rothy yyyy Roth yyyyy with Visa Card  Tap confirm you are making this payment.","status":"PROCESSING","cause":null,"cif":"001088774","account_number":null,"service_id":"online_pay_consent","batch_id":"3238","external_reference":"3XTX6yU2CPVTnR92p1jjgOJkaZx3S0hF"}],"trace_id":"1664160257ae6628"} 
 </msg>
<msg timestamp="20230525 16:06:12.027" level="INFO">${response} = &lt;Response [200]&gt;</msg>
<status status="PASS" starttime="20230525 16:06:11.722" endtime="20230525 16:06:12.027"/>
</kw>
<kw name="Log" library="BuiltIn">
<arg>${response}</arg>
<doc>Logs the given message with the given level.</doc>
<msg timestamp="20230525 16:06:12.027" level="INFO">&lt;Response [200]&gt;</msg>
<status status="PASS" starttime="20230525 16:06:12.027" endtime="20230525 16:06:12.027"/>
</kw>
<kw name="Check body response OOB and OTP notification" library="Verify_success">
<arg>${response.json()}</arg>
<kw name="Get Value From Json" library="JSONLibrary">
<var>${status_code}</var>
<arg>${resp}</arg>
<arg>$.code</arg>
<doc>Get Value From JSON using JSONPath</doc>
<msg timestamp="20230525 16:06:12.040" level="INFO">${status_code} = ['S0001']</msg>
<status status="PASS" starttime="20230525 16:06:12.029" endtime="20230525 16:06:12.040"/>
</kw>
<kw name="Get Value From Json" library="JSONLibrary">
<var>${smg}</var>
<arg>${resp}</arg>
<arg>$.message</arg>
<doc>Get Value From JSON using JSONPath</doc>
<msg timestamp="20230525 16:06:12.050" level="INFO">${smg} = ['Success.']</msg>
<status status="PASS" starttime="20230525 16:06:12.040" endtime="20230525 16:06:12.050"/>
</kw>
<kw name="Get Value From Json" library="JSONLibrary">
<var>${status}</var>
<arg>${resp}</arg>
<arg>$.data.[0].status</arg>
<doc>Get Value From JSON using JSONPath</doc>
<msg timestamp="20230525 16:06:12.059" level="INFO">${status} = ['PROCESSING']</msg>
<status status="PASS" starttime="20230525 16:06:12.050" endtime="20230525 16:06:12.059"/>
</kw>
<kw name="Get Value From Json" library="JSONLibrary">
<var>${cause}</var>
<arg>${resp}</arg>
<arg>$.data.[*].cause</arg>
<doc>Get Value From JSON using JSONPath</doc>
<msg timestamp="20230525 16:06:12.069" level="INFO">${cause} = [None]</msg>
<status status="PASS" starttime="20230525 16:06:12.059" endtime="20230525 16:06:12.069"/>
</kw>
<kw name="Run Keyword And Return Status" library="BuiltIn">
<var>${response_status}</var>
<arg>Should Be Equal As Strings</arg>
<arg>${status_code[0]}</arg>
<arg>S0001</arg>
<doc>Runs the given keyword with given arguments and returns the status as a Boolean value.</doc>
<kw name="Should Be Equal As Strings" library="BuiltIn">
<arg>${status_code[0]}</arg>
<arg>S0001</arg>
<doc>Fails if objects are unequal after converting them to strings.</doc>
<status status="PASS" starttime="20230525 16:06:12.069" endtime="20230525 16:06:12.069"/>
</kw>
<msg timestamp="20230525 16:06:12.069" level="INFO">${response_status} = True</msg>
<status status="PASS" starttime="20230525 16:06:12.069" endtime="20230525 16:06:12.069"/>
</kw>
<kw name="Should Be Equal As Strings" library="BuiltIn">
<arg>${status_code[0]}</arg>
<arg>S0001</arg>
<arg>We has found something went wrong!!</arg>
<arg>${smg}</arg>
<doc>Fails if objects are unequal after converting them to strings.</doc>
<status status="PASS" starttime="20230525 16:06:12.069" endtime="20230525 16:06:12.070"/>
</kw>
<kw name="Set Test Message" library="BuiltIn">
<arg>${cause[0]}</arg>
<doc>Sets message for the current test case.</doc>
<msg timestamp="20230525 16:06:12.070" level="INFO">Set test message to:
None</msg>
<status status="PASS" starttime="20230525 16:06:12.070" endtime="20230525 16:06:12.070"/>
</kw>
<status status="PASS" starttime="20230525 16:06:12.028" endtime="20230525 16:06:12.070"/>
</kw>
<kw name="Get Value From Json" library="JSONLibrary">
<var>${Get_external_referenc}</var>
<arg>${response.json()}</arg>
<arg>$.data.[0].external_reference</arg>
<doc>Get Value From JSON using JSONPath</doc>
<msg timestamp="20230525 16:06:12.080" level="INFO">${Get_external_referenc} = ['3XTX6yU2CPVTnR92p1jjgOJkaZx3S0hF']</msg>
<status status="PASS" starttime="20230525 16:06:12.070" endtime="20230525 16:06:12.080"/>
</kw>
<kw name="Log" library="BuiltIn">
<arg>${Get_external_referenc}</arg>
<doc>Logs the given message with the given level.</doc>
<msg timestamp="20230525 16:06:12.080" level="INFO">['3XTX6yU2CPVTnR92p1jjgOJkaZx3S0hF']</msg>
<status status="PASS" starttime="20230525 16:06:12.080" endtime="20230525 16:06:12.080"/>
</kw>
<kw name="Set Suite Variable" library="BuiltIn">
<arg>${Get_external_referenc}</arg>
<doc>Makes a variable available everywhere within the scope of the current suite.</doc>
<msg timestamp="20230525 16:06:12.080" level="INFO">${Get_external_referenc} = ['3XTX6yU2CPVTnR92p1jjgOJkaZx3S0hF']</msg>
<status status="PASS" starttime="20230525 16:06:12.080" endtime="20230525 16:06:12.080"/>
</kw>
<kw name="Create Session" library="RequestsLibrary">
<arg>oob_reject</arg>
<arg>${baseurl}</arg>
<arg>verify=true</arg>
<doc>Create Session: create a HTTP session to a server</doc>
<msg timestamp="20230525 16:06:12.081" level="INFO">Creating Session using : alias=oob_reject, url=http://api-uat-internal.hatthabank.com/, headers={},                     cookies={}, auth=None, timeout=None, proxies=None, verify=True,                     debug=0 </msg>
<status status="PASS" starttime="20230525 16:06:12.080" endtime="20230525 16:06:12.081"/>
</kw>
<kw name="Catenate" library="BuiltIn">
<var>${jsonbody}</var>
<arg>{</arg>
<arg>"ext_ref": "${Get_external_referenc[0]}"</arg>
<arg>}</arg>
<doc>Catenates the given items together and returns the resulted string.</doc>
<msg timestamp="20230525 16:06:12.081" level="INFO">${jsonbody} = { "ext_ref": "3XTX6yU2CPVTnR92p1jjgOJkaZx3S0hF" }</msg>
<status status="PASS" starttime="20230525 16:06:12.081" endtime="20230525 16:06:12.081"/>
</kw>
<kw name="POST On Session" library="RequestsLibrary">
<var>${Response}</var>
<arg>oob_reject</arg>
<arg>${approve_oob}</arg>
<arg>data=${jsonbody}</arg>
<arg>headers=${headers}</arg>
<arg>expected_status=anything</arg>
<doc>Sends a POST request on a previously created HTTP Session.</doc>
<msg timestamp="20230525 16:06:12.633" level="INFO">POST Request : url=http://api-uat-internal.hatthabank.com/notification-service/api/1.0/confirmation/oob/APPROVED 
 path_url=/notification-service/api/1.0/confirmation/oob/APPROVED 
 headers={'User-Agent': 'python-requests/2.30.0', 'Accept-Encoding': 'gzip, deflate', 'Accept': '*/*', 'Connection': 'keep-alive', 'Content-Type': 'application/json', 'x-api-key': '12345_api_key', 'client_id': '12345', 'client_secret': '12345_secret', 'Content-Length': '49'} 
 body={ "ext_ref": "3XTX6yU2CPVTnR92p1jjgOJkaZx3S0hF" } 
 </msg>
<msg timestamp="20230525 16:06:12.634" level="INFO">POST Response : url=http://api-uat-internal.hatthabank.com/notification-service/api/1.0/confirmation/oob/APPROVED 
 status=400, reason=Bad Request 
 headers={'Date': 'Thu, 25 May 2023 09:06:12 GMT', 'Content-Type': 'application/json', 'Transfer-Encoding': 'chunked', 'Vary': 'Origin, Access-Control-Request-Method, Access-Control-Request-Headers', 'X-Xss-Protection': '1 ; mode=block', 'Strict-Transport-Security': 'max-age=3153600; includeSubDomains', 'X-Frame-Options': 'DENY', 'X-Content-Type-Options': 'nosniff', 'Referrer-Policy': 'no-referrer', 'Content-Security-Policy': "default-src 'self' https:; font-src 'self' https: data:; img-src 'self' https: data:; object-src 'none'; script-src https:; style-src 'self' https: 'unsafe-inline'", 'X-Download-Options': 'noopen', 'X-Permitted-Cross-Domain-Policies': 'master-only', 'Cache-Control': 'no-cache, no-store, max-age=0, must-revalidate', 'Pragma': 'no-cache', 'Expires': '0', 'Access-Control-Allow-Origin': '*', 'Access-Control-Allow-Headers': '*', 'Access-Control-Max-Age': '3628800', 'Access-Control-Allow-Methods': 'GET, DELETE, OPTIONS, POST, PUT'} 
 body={"code":"ECFM-004","title":null,"message":"Confirmation Failed!","data":null,"trace_id":"e8bc395eb6dd6130"} 
 </msg>
<msg timestamp="20230525 16:06:12.634" level="INFO">${Response} = &lt;Response [400]&gt;</msg>
<status status="PASS" starttime="20230525 16:06:12.081" endtime="20230525 16:06:12.634"/>
</kw>
<kw name="Check body approve or reject OOB notification" library="Verify_success">
<arg>${Response.json()}</arg>
<kw name="Get Value From Json" library="JSONLibrary">
<var>${status_code}</var>
<arg>${resp}</arg>
<arg>$.code</arg>
<doc>Get Value From JSON using JSONPath</doc>
<msg timestamp="20230525 16:06:12.652" level="INFO">${status_code} = ['ECFM-004']</msg>
<status status="PASS" starttime="20230525 16:06:12.636" endtime="20230525 16:06:12.652"/>
</kw>
<kw name="Get Value From Json" library="JSONLibrary">
<var>${smg}</var>
<arg>${resp}</arg>
<arg>$.message</arg>
<doc>Get Value From JSON using JSONPath</doc>
<msg timestamp="20230525 16:06:12.654" level="INFO">${smg} = ['Confirmation Failed!']</msg>
<status status="PASS" starttime="20230525 16:06:12.652" endtime="20230525 16:06:12.654"/>
</kw>
<if>
<branch type="IF" condition="&quot;${status_code[0]}&quot;==&quot;ECFM-004&quot;">
<kw name="Run Keyword And Return Status" library="BuiltIn">
<var>${response_status}</var>
<arg>Should Be Equal As Strings</arg>
<arg>${status_code[0]}</arg>
<arg>ECFM-004</arg>
<doc>Runs the given keyword with given arguments and returns the status as a Boolean value.</doc>
<kw name="Should Be Equal As Strings" library="BuiltIn">
<arg>${status_code[0]}</arg>
<arg>ECFM-004</arg>
<doc>Fails if objects are unequal after converting them to strings.</doc>
<status status="PASS" starttime="20230525 16:06:12.654" endtime="20230525 16:06:12.654"/>
</kw>
<msg timestamp="20230525 16:06:12.654" level="INFO">${response_status} = True</msg>
<status status="PASS" starttime="20230525 16:06:12.654" endtime="20230525 16:06:12.654"/>
</kw>
<kw name="Should Be Equal As Strings" library="BuiltIn">
<arg>${status_code[0]}</arg>
<arg>ECFM-004</arg>
<arg>We has found something went wrong!!</arg>
<arg>${smg}</arg>
<doc>Fails if objects are unequal after converting them to strings.</doc>
<status status="PASS" starttime="20230525 16:06:12.654" endtime="20230525 16:06:12.654"/>
</kw>
<status status="PASS" starttime="20230525 16:06:12.654" endtime="20230525 16:06:12.654"/>
</branch>
<branch type="ELSE IF" condition="&quot;${status_code[0]}&quot;==&quot;ECFM-002&quot;">
<kw name="Run Keyword And Return Status" library="BuiltIn">
<var>${response_status}</var>
<arg>Should Be Equal As Strings</arg>
<arg>${status_code[0]}</arg>
<arg>ECFM-002</arg>
<doc>Runs the given keyword with given arguments and returns the status as a Boolean value.</doc>
<status status="NOT RUN" starttime="20230525 16:06:12.654" endtime="20230525 16:06:12.654"/>
</kw>
<kw name="Should Be Equal As Strings" library="BuiltIn">
<arg>${status_code[0]}</arg>
<arg>ECFM-002</arg>
<arg>We has found something went wrong!!</arg>
<arg>${smg}</arg>
<doc>Fails if objects are unequal after converting them to strings.</doc>
<status status="NOT RUN" starttime="20230525 16:06:12.654" endtime="20230525 16:06:12.654"/>
</kw>
<status status="NOT RUN" starttime="20230525 16:06:12.654" endtime="20230525 16:06:12.654"/>
</branch>
<branch type="ELSE IF" condition="&quot;${status_code[0]}&quot;==&quot;ECFM-001&quot;">
<kw name="Run Keyword And Return Status" library="BuiltIn">
<var>${response_status}</var>
<arg>Should Be Equal As Strings</arg>
<arg>${status_code[0]}</arg>
<arg>ECFM-001</arg>
<doc>Runs the given keyword with given arguments and returns the status as a Boolean value.</doc>
<status status="NOT RUN" starttime="20230525 16:06:12.654" endtime="20230525 16:06:12.654"/>
</kw>
<kw name="Should Be Equal As Strings" library="BuiltIn">
<arg>${status_code[0]}</arg>
<arg>ECFM-001</arg>
<arg>We has found something went wrong!!</arg>
<arg>${smg}</arg>
<doc>Fails if objects are unequal after converting them to strings.</doc>
<status status="NOT RUN" starttime="20230525 16:06:12.654" endtime="20230525 16:06:12.654"/>
</kw>
<status status="NOT RUN" starttime="20230525 16:06:12.654" endtime="20230525 16:06:12.654"/>
</branch>
<branch type="ELSE IF" condition="&quot;${status_code[0]}&quot;==&quot;EF0001&quot;">
<kw name="Run Keyword And Return Status" library="BuiltIn">
<var>${response_status}</var>
<arg>Should Be Equal As Strings</arg>
<arg>${status_code[0]}</arg>
<arg>EF0001</arg>
<doc>Runs the given keyword with given arguments and returns the status as a Boolean value.</doc>
<status status="NOT RUN" starttime="20230525 16:06:12.654" endtime="20230525 16:06:12.654"/>
</kw>
<kw name="Should Be Equal As Strings" library="BuiltIn">
<arg>${status_code[0]}</arg>
<arg>EF0001</arg>
<arg>We has found something went wrong!!</arg>
<arg>${smg}</arg>
<doc>Fails if objects are unequal after converting them to strings.</doc>
<status status="NOT RUN" starttime="20230525 16:06:12.654" endtime="20230525 16:06:12.654"/>
</kw>
<status status="NOT RUN" starttime="20230525 16:06:12.654" endtime="20230525 16:06:12.654"/>
</branch>
<branch type="ELSE IF" condition="&quot;${status_code[0]}&quot;==&quot;E0001&quot;">
<kw name="Run Keyword And Return Status" library="BuiltIn">
<var>${response_status}</var>
<arg>Should Be Equal As Strings</arg>
<arg>${status_code[0]}</arg>
<arg>E0001</arg>
<doc>Runs the given keyword with given arguments and returns the status as a Boolean value.</doc>
<status status="NOT RUN" starttime="20230525 16:06:12.654" endtime="20230525 16:06:12.654"/>
</kw>
<kw name="Should Be Equal As Strings" library="BuiltIn">
<arg>${status_code[0]}</arg>
<arg>E0001</arg>
<arg>We has found something went wrong!!</arg>
<arg>${smg}</arg>
<doc>Fails if objects are unequal after converting them to strings.</doc>
<status status="NOT RUN" starttime="20230525 16:06:12.654" endtime="20230525 16:06:12.654"/>
</kw>
<status status="NOT RUN" starttime="20230525 16:06:12.654" endtime="20230525 16:06:12.654"/>
</branch>
<branch type="ELSE">
<kw name="Run Keyword And Return Status" library="BuiltIn">
<var>${response_status}</var>
<arg>Should Be Equal As Strings</arg>
<arg>${status_code[0]}</arg>
<arg>S0001</arg>
<doc>Runs the given keyword with given arguments and returns the status as a Boolean value.</doc>
<status status="NOT RUN" starttime="20230525 16:06:12.654" endtime="20230525 16:06:12.654"/>
</kw>
<kw name="Should Be Equal As Strings" library="BuiltIn">
<arg>${status_code[0]}</arg>
<arg>S0001</arg>
<arg>We has found something went wrong!!</arg>
<arg>${smg}</arg>
<doc>Fails if objects are unequal after converting them to strings.</doc>
<status status="NOT RUN" starttime="20230525 16:06:12.654" endtime="20230525 16:06:12.654"/>
</kw>
<status status="NOT RUN" starttime="20230525 16:06:12.654" endtime="20230525 16:06:12.654"/>
</branch>
<status status="PASS" starttime="20230525 16:06:12.654" endtime="20230525 16:06:12.654"/>
</if>
<kw name="Set Test Message" library="BuiltIn">
<arg>${smg[0]}</arg>
<doc>Sets message for the current test case.</doc>
<msg timestamp="20230525 16:06:12.654" level="INFO">Set test message to:
Confirmation Failed!</msg>
<status status="PASS" starttime="20230525 16:06:12.654" endtime="20230525 16:06:12.654"/>
</kw>
<status status="PASS" starttime="20230525 16:06:12.634" endtime="20230525 16:06:12.654"/>
</kw>
<status status="PASS" starttime="20230525 16:06:11.721" endtime="20230525 16:06:12.654"/>
</kw>
<tag>positive</tag>
<status status="PASS" starttime="20230525 16:06:11.721" endtime="20230525 16:06:12.654">Confirmation Failed!</status>
</test>
<test id="s1-t8" name="Check reject expired OOB notification" line="26">
<kw name="Reject expired OOB notification" library="oob_keyword">
<arg>${Get_external_referenc}</arg>
<kw name="Create Session" library="RequestsLibrary">
<arg>oob_reject</arg>
<arg>${baseurl}</arg>
<arg>verify=true</arg>
<doc>Create Session: create a HTTP session to a server</doc>
<msg timestamp="20230525 16:06:12.654" level="INFO">Creating Session using : alias=oob_reject, url=http://api-uat-internal.hatthabank.com/, headers={},                     cookies={}, auth=None, timeout=None, proxies=None, verify=True,                     debug=0 </msg>
<status status="PASS" starttime="20230525 16:06:12.654" endtime="20230525 16:06:12.654"/>
</kw>
<kw name="Create Dictionary" library="BuiltIn">
<var>${header}</var>
<arg>Content-Type=application/json</arg>
<arg>x-api-key=${x-api-key}</arg>
<arg>client_id=${client_id}</arg>
<arg>client_secret=${client_secret}</arg>
<doc>Creates and returns a dictionary based on the given ``items``.</doc>
<msg timestamp="20230525 16:06:12.654" level="INFO">${header} = {'Content-Type': 'application/json', 'x-api-key': '12345_api_key', 'client_id': '12345', 'client_secret': '12345_secret'}</msg>
<status status="PASS" starttime="20230525 16:06:12.654" endtime="20230525 16:06:12.654"/>
</kw>
<kw name="Catenate" library="BuiltIn">
<var>${json}</var>
<arg>{</arg>
<arg>"ext_ref": "${external_key[0]}"</arg>
<arg>}</arg>
<doc>Catenates the given items together and returns the resulted string.</doc>
<msg timestamp="20230525 16:06:12.654" level="INFO">${json} = { "ext_ref": "3XTX6yU2CPVTnR92p1jjgOJkaZx3S0hF" }</msg>
<status status="PASS" starttime="20230525 16:06:12.654" endtime="20230525 16:06:12.654"/>
</kw>
<kw name="POST On Session" library="RequestsLibrary">
<var>${Response}</var>
<arg>oob_reject</arg>
<arg>${reject_oob}</arg>
<arg>data=${json}</arg>
<arg>headers=${header}</arg>
<arg>expected_status=anything</arg>
<doc>Sends a POST request on a previously created HTTP Session.</doc>
<msg timestamp="20230525 16:06:12.834" level="INFO">POST Request : url=http://api-uat-internal.hatthabank.com/notification-service/api/1.0/confirmation/oob/REJECTED 
 path_url=/notification-service/api/1.0/confirmation/oob/REJECTED 
 headers={'User-Agent': 'python-requests/2.30.0', 'Accept-Encoding': 'gzip, deflate', 'Accept': '*/*', 'Connection': 'keep-alive', 'Content-Type': 'application/json', 'x-api-key': '12345_api_key', 'client_id': '12345', 'client_secret': '12345_secret', 'Content-Length': '49'} 
 body={ "ext_ref": "3XTX6yU2CPVTnR92p1jjgOJkaZx3S0hF" } 
 </msg>
<msg timestamp="20230525 16:06:12.835" level="INFO">POST Response : url=http://api-uat-internal.hatthabank.com/notification-service/api/1.0/confirmation/oob/REJECTED 
 status=400, reason=Bad Request 
 headers={'Date': 'Thu, 25 May 2023 09:06:12 GMT', 'Content-Type': 'application/json', 'Transfer-Encoding': 'chunked', 'Vary': 'Origin, Access-Control-Request-Method, Access-Control-Request-Headers', 'X-Xss-Protection': '1 ; mode=block', 'Strict-Transport-Security': 'max-age=3153600; includeSubDomains', 'X-Frame-Options': 'DENY', 'X-Content-Type-Options': 'nosniff', 'Referrer-Policy': 'no-referrer', 'Content-Security-Policy': "default-src 'self' https:; font-src 'self' https: data:; img-src 'self' https: data:; object-src 'none'; script-src https:; style-src 'self' https: 'unsafe-inline'", 'X-Download-Options': 'noopen', 'X-Permitted-Cross-Domain-Policies': 'master-only', 'Cache-Control': 'no-cache, no-store, max-age=0, must-revalidate', 'Pragma': 'no-cache', 'Expires': '0', 'Access-Control-Allow-Origin': '*', 'Access-Control-Allow-Headers': '*', 'Access-Control-Max-Age': '3628800', 'Access-Control-Allow-Methods': 'GET, DELETE, OPTIONS, POST, PUT'} 
 body={"code":"ECFM-002","title":"Session Expired","message":"Your session was expired.","data":null,"trace_id":"e27ed8cfaee7251b"} 
 </msg>
<msg timestamp="20230525 16:06:12.835" level="INFO">${Response} = &lt;Response [400]&gt;</msg>
<status status="PASS" starttime="20230525 16:06:12.654" endtime="20230525 16:06:12.835"/>
</kw>
<kw name="Check body approve or reject OOB notification" library="Verify_success">
<arg>${Response.json()}</arg>
[...]
</kw>
<status status="NOT RUN" starttime="20230525 16:06:14.330" endtime="20230525 16:06:14.330"/>
</branch>
<status status="PASS" starttime="20230525 16:06:14.327" endtime="20230525 16:06:14.330"/>
</if>
<kw name="Set Test Message" library="BuiltIn">
<arg>${smg[0]}</arg>
<doc>Sets message for the current test case.</doc>
<msg timestamp="20230525 16:06:14.330" level="INFO">Set test message to:
Invalid fields [['ext_ref' field must not be empty]]</msg>
<status status="PASS" starttime="20230525 16:06:14.330" endtime="20230525 16:06:14.330"/>
</kw>
<status status="PASS" starttime="20230525 16:06:14.306" endtime="20230525 16:06:14.330"/>
</kw>
<status status="PASS" starttime="20230525 16:06:14.090" endtime="20230525 16:06:14.330"/>
</kw>
<tag>Negative</tag>
<status status="PASS" starttime="20230525 16:06:14.089" endtime="20230525 16:06:14.331">Invalid fields [['ext_ref' field must not be empty]]</status>
</test>
<test id="s1-t15" name="Check reject OOB notification with request body" line="47">
<kw name="Reject OOB notification without request body" library="oob_keyword">
<kw name="Create Session" library="RequestsLibrary">
<arg>oob_reject</arg>
<arg>${baseurl}</arg>
<arg>verify=true</arg>
<doc>Create Session: create a HTTP session to a server</doc>
<msg timestamp="20230525 16:06:14.334" level="INFO">Creating Session using : alias=oob_reject, url=http://api-uat-internal.hatthabank.com/, headers={},                     cookies={}, auth=None, timeout=None, proxies=None, verify=True,                     debug=0 </msg>
<status status="PASS" starttime="20230525 16:06:14.334" endtime="20230525 16:06:14.334"/>
</kw>
<kw name="Create Dictionary" library="BuiltIn">
<var>${header}</var>
<arg>Content-Type=application/json</arg>
<arg>x-api-key=${x-api-key}</arg>
<arg>client_id=${client_id}</arg>
<arg>client_secret=${client_secret}</arg>
<doc>Creates and returns a dictionary based on the given ``items``.</doc>
<msg timestamp="20230525 16:06:14.334" level="INFO">${header} = {'Content-Type': 'application/json', 'x-api-key': '12345_api_key', 'client_id': '12345', 'client_secret': '12345_secret'}</msg>
<status status="PASS" starttime="20230525 16:06:14.334" endtime="20230525 16:06:14.334"/>
</kw>
<kw name="Catenate" library="BuiltIn">
<var>${json}</var>
<arg>{</arg>
<arg>"ext_ref": ""</arg>
<arg>}</arg>
<doc>Catenates the given items together and returns the resulted string.</doc>
<msg timestamp="20230525 16:06:14.334" level="INFO">${json} = { "ext_ref": "" }</msg>
<status status="PASS" starttime="20230525 16:06:14.334" endtime="20230525 16:06:14.334"/>
</kw>
<kw name="POST On Session" library="RequestsLibrary">
<var>${Response}</var>
<arg>oob_reject</arg>
<arg>${reject_oob}</arg>
<arg>data=""</arg>
<arg>headers=${header}</arg>
<arg>expected_status=anything</arg>
<doc>Sends a POST request on a previously created HTTP Session.</doc>
<msg timestamp="20230525 16:06:14.535" level="INFO">POST Request : url=http://api-uat-internal.hatthabank.com/notification-service/api/1.0/confirmation/oob/REJECTED 
 path_url=/notification-service/api/1.0/confirmation/oob/REJECTED 
 headers={'User-Agent': 'python-requests/2.30.0', 'Accept-Encoding': 'gzip, deflate', 'Accept': '*/*', 'Connection': 'keep-alive', 'Content-Type': 'application/json', 'x-api-key': '12345_api_key', 'client_id': '12345', 'client_secret': '12345_secret', 'Content-Length': '2'} 
 body="" 
 </msg>
<msg timestamp="20230525 16:06:14.535" level="INFO">POST Response : url=http://api-uat-internal.hatthabank.com/notification-service/api/1.0/confirmation/oob/REJECTED 
 status=500, reason=Internal Server Error 
 headers={'Date': 'Thu, 25 May 2023 09:06:14 GMT', 'Content-Type': 'application/json', 'Transfer-Encoding': 'chunked', 'Vary': 'Origin, Access-Control-Request-Method, Access-Control-Request-Headers', 'X-Xss-Protection': '1 ; mode=block', 'Strict-Transport-Security': 'max-age=3153600; includeSubDomains', 'X-Frame-Options': 'DENY', 'X-Content-Type-Options': 'nosniff', 'Referrer-Policy': 'no-referrer', 'Content-Security-Policy': "default-src 'self' https:; font-src 'self' https: data:; img-src 'self' https: data:; object-src 'none'; script-src https:; style-src 'self' https: 'unsafe-inline'", 'X-Download-Options': 'noopen', 'X-Permitted-Cross-Domain-Policies': 'master-only', 'Cache-Control': 'no-cache, no-store, max-age=0, must-revalidate', 'Pragma': 'no-cache', 'Expires': '0', 'Access-Control-Allow-Origin': '*', 'Access-Control-Allow-Headers': '*', 'Access-Control-Max-Age': '3628800', 'Access-Control-Allow-Methods': 'GET, DELETE, OPTIONS, POST, PUT'} 
 body={"code":"E0001","title":null,"message":"System error.","data":null,"trace_id":"db7cbf7bdf624bff"} 
 </msg>
<msg timestamp="20230525 16:06:14.535" level="INFO">${Response} = &lt;Response [500]&gt;</msg>
<status status="PASS" starttime="20230525 16:06:14.335" endtime="20230525 16:06:14.535"/>
</kw>
<kw name="Check body approve or reject OOB notification" library="Verify_success">
<arg>${Response.json()}</arg>
<kw name="Get Value From Json" library="JSONLibrary">
<var>${status_code}</var>
<arg>${resp}</arg>
<arg>$.code</arg>
<doc>Get Value From JSON using JSONPath</doc>
<msg timestamp="20230525 16:06:14.566" level="INFO">${status_code} = ['E0001']</msg>
<status status="PASS" starttime="20230525 16:06:14.551" endtime="20230525 16:06:14.566"/>
</kw>
<kw name="Get Value From Json" library="JSONLibrary">
<var>${smg}</var>
<arg>${resp}</arg>
<arg>$.message</arg>
<doc>Get Value From JSON using JSONPath</doc>
<msg timestamp="20230525 16:06:14.566" level="INFO">${smg} = ['System error.']</msg>
<status status="PASS" starttime="20230525 16:06:14.566" endtime="20230525 16:06:14.566"/>
</kw>
<if>
<branch type="IF" condition="&quot;${status_code[0]}&quot;==&quot;ECFM-004&quot;">
<kw name="Run Keyword And Return Status" library="BuiltIn">
<var>${response_status}</var>
<arg>Should Be Equal As Strings</arg>
<arg>${status_code[0]}</arg>
<arg>ECFM-004</arg>
<doc>Runs the given keyword with given arguments and returns the status as a Boolean value.</doc>
<status status="NOT RUN" starttime="20230525 16:06:14.566" endtime="20230525 16:06:14.566"/>
</kw>
<kw name="Should Be Equal As Strings" library="BuiltIn">
<arg>${status_code[0]}</arg>
<arg>ECFM-004</arg>
<arg>We has found something went wrong!!</arg>
<arg>${smg}</arg>
<doc>Fails if objects are unequal after converting them to strings.</doc>
<status status="NOT RUN" starttime="20230525 16:06:14.566" endtime="20230525 16:06:14.566"/>
</kw>
<status status="NOT RUN" starttime="20230525 16:06:14.566" endtime="20230525 16:06:14.566"/>
</branch>
<branch type="ELSE IF" condition="&quot;${status_code[0]}&quot;==&quot;ECFM-002&quot;">
<kw name="Run Keyword And Return Status" library="BuiltIn">
<var>${response_status}</var>
<arg>Should Be Equal As Strings</arg>
<arg>${status_code[0]}</arg>
<arg>ECFM-002</arg>
<doc>Runs the given keyword with given arguments and returns the status as a Boolean value.</doc>
<status status="NOT RUN" starttime="20230525 16:06:14.566" endtime="20230525 16:06:14.566"/>
</kw>
<kw name="Should Be Equal As Strings" library="BuiltIn">
<arg>${status_code[0]}</arg>
<arg>ECFM-002</arg>
<arg>We has found something went wrong!!</arg>
<arg>${smg}</arg>
<doc>Fails if objects are unequal after converting them to strings.</doc>
<status status="NOT RUN" starttime="20230525 16:06:14.566" endtime="20230525 16:06:14.566"/>
</kw>
<status status="NOT RUN" starttime="20230525 16:06:14.566" endtime="20230525 16:06:14.566"/>
</branch>
<branch type="ELSE IF" condition="&quot;${status_code[0]}&quot;==&quot;ECFM-001&quot;">
<kw name="Run Keyword And Return Status" library="BuiltIn">
<var>${response_status}</var>
<arg>Should Be Equal As Strings</arg>
<arg>${status_code[0]}</arg>
<arg>ECFM-001</arg>
<doc>Runs the given keyword with given arguments and returns the status as a Boolean value.</doc>
<status status="NOT RUN" starttime="20230525 16:06:14.566" endtime="20230525 16:06:14.566"/>
</kw>
<kw name="Should Be Equal As Strings" library="BuiltIn">
<arg>${status_code[0]}</arg>
<arg>ECFM-001</arg>
<arg>We has found something went wrong!!</arg>
<arg>${smg}</arg>
<doc>Fails if objects are unequal after converting them to strings.</doc>
<status status="NOT RUN" starttime="20230525 16:06:14.566" endtime="20230525 16:06:14.566"/>
</kw>
<status status="NOT RUN" starttime="20230525 16:06:14.566" endtime="20230525 16:06:14.566"/>
</branch>
<branch type="ELSE IF" condition="&quot;${status_code[0]}&quot;==&quot;EF0001&quot;">
<kw name="Run Keyword And Return Status" library="BuiltIn">
<var>${response_status}</var>
<arg>Should Be Equal As Strings</arg>
<arg>${status_code[0]}</arg>
<arg>EF0001</arg>
<doc>Runs the given keyword with given arguments and returns the status as a Boolean value.</doc>
<status status="NOT RUN" starttime="20230525 16:06:14.566" endtime="20230525 16:06:14.566"/>
</kw>
<kw name="Should Be Equal As Strings" library="BuiltIn">
<arg>${status_code[0]}</arg>
<arg>EF0001</arg>
<arg>We has found something went wrong!!</arg>
<arg>${smg}</arg>
<doc>Fails if objects are unequal after converting them to strings.</doc>
<status status="NOT RUN" starttime="20230525 16:06:14.566" endtime="20230525 16:06:14.566"/>
</kw>
<status status="NOT RUN" starttime="20230525 16:06:14.566" endtime="20230525 16:06:14.566"/>
</branch>
<branch type="ELSE IF" condition="&quot;${status_code[0]}&quot;==&quot;E0001&quot;">
<kw name="Run Keyword And Return Status" library="BuiltIn">
<var>${response_status}</var>
<arg>Should Be Equal As Strings</arg>
<arg>${status_code[0]}</arg>
<arg>E0001</arg>
<doc>Runs the given keyword with given arguments and returns the status as a Boolean value.</doc>
<kw name="Should Be Equal As Strings" library="BuiltIn">
<arg>${status_code[0]}</arg>
<arg>E0001</arg>
<doc>Fails if objects are unequal after converting them to strings.</doc>
<status status="PASS" starttime="20230525 16:06:14.566" endtime="20230525 16:06:14.566"/>
</kw>
<msg timestamp="20230525 16:06:14.566" level="INFO">${response_status} = True</msg>
<status status="PASS" starttime="20230525 16:06:14.566" endtime="20230525 16:06:14.566"/>
</kw>
<kw name="Should Be Equal As Strings" library="BuiltIn">
<arg>${status_code[0]}</arg>
<arg>E0001</arg>
<arg>We has found something went wrong!!</arg>
<arg>${smg}</arg>
<doc>Fails if objects are unequal after converting them to strings.</doc>
<status status="PASS" starttime="20230525 16:06:14.566" endtime="20230525 16:06:14.566"/>
</kw>
<status status="PASS" starttime="20230525 16:06:14.566" endtime="20230525 16:06:14.566"/>
</branch>
<branch type="ELSE">
<kw name="Run Keyword And Return Status" library="BuiltIn">
<var>${response_status}</var>
<arg>Should Be Equal As Strings</arg>
<arg>${status_code[0]}</arg>
<arg>S0001</arg>
<doc>Runs the given keyword with given arguments and returns the status as a Boolean value.</doc>
<status status="NOT RUN" starttime="20230525 16:06:14.566" endtime="20230525 16:06:14.566"/>
</kw>
<kw name="Should Be Equal As Strings" library="BuiltIn">
<arg>${status_code[0]}</arg>
<arg>S0001</arg>
<arg>We has found something went wrong!!</arg>
<arg>${smg}</arg>
<doc>Fails if objects are unequal after converting them to strings.</doc>
<status status="NOT RUN" starttime="20230525 16:06:14.566" endtime="20230525 16:06:14.566"/>
</kw>
<status status="NOT RUN" starttime="20230525 16:06:14.566" endtime="20230525 16:06:14.566"/>
</branch>
<status status="PASS" starttime="20230525 16:06:14.566" endtime="20230525 16:06:14.566"/>
</if>
<kw name="Set Test Message" library="BuiltIn">
<arg>${smg[0]}</arg>
<doc>Sets message for the current test case.</doc>
<msg timestamp="20230525 16:06:14.566" level="INFO">Set test message to:
System error.</msg>
<status status="PASS" starttime="20230525 16:06:14.566" endtime="20230525 16:06:14.566"/>
</kw>
<status status="PASS" starttime="20230525 16:06:14.535" endtime="20230525 16:06:14.566"/>
</kw>
<status status="PASS" starttime="20230525 16:06:14.334" endtime="20230525 16:06:14.566"/>
</kw>
<tag>Negative</tag>
<status status="PASS" starttime="20230525 16:06:14.333" endtime="20230525 16:06:14.582">System error.</status>
</test>
<test id="s1-t16" name="Check Inquiry OOB notification incorrect external reference" line="50">
<kw name="Inquiry OOB notification incorrect external reference" library="oob_keyword">
<kw name="Create Session" library="RequestsLibrary">
<arg>inquiry_data</arg>
<arg>${baseurl}</arg>
<arg>verify=true</arg>
<doc>Create Session: create a HTTP session to a server</doc>
<msg timestamp="20230525 16:06:14.584" level="INFO">Creating Session using : alias=inquiry_data, url=http://api-uat-internal.hatthabank.com/, headers={},                     cookies={}, auth=None, timeout=None, proxies=None, verify=True,                     debug=0 </msg>
<status status="PASS" starttime="20230525 16:06:14.584" endtime="20230525 16:06:14.584"/>
</kw>
<kw name="Create Dictionary" library="BuiltIn">
<var>${header}</var>
<arg>Content-Type=application/json</arg>
<arg>x-api-key=${x-api-key}</arg>
<arg>client_id=${client_id}</arg>
<arg>client_secret=${client_secret}</arg>
<doc>Creates and returns a dictionary based on the given ``items``.</doc>
<msg timestamp="20230525 16:06:14.585" level="INFO">${header} = {'Content-Type': 'application/json', 'x-api-key': '12345_api_key', 'client_id': '12345', 'client_secret': '12345_secret'}</msg>
<status status="PASS" starttime="20230525 16:06:14.584" endtime="20230525 16:06:14.585"/>
</kw>
<kw name="GET On Session" library="RequestsLibrary">
<var>${Response}</var>
<arg>inquiry_data</arg>
<arg>${inquiry_oob}/k67224d947ec4f8c963090f3b912cda8k</arg>
<arg>headers=${header}</arg>
<arg>expected_status=anything</arg>
<doc>Sends a GET request on a previously created HTTP Session.</doc>
<msg timestamp="20230525 16:06:14.733" level="INFO">GET Request : url=http://api-uat-internal.hatthabank.com/notification-service/api/1.0/confirmation/oob/inquiry/k67224d947ec4f8c963090f3b912cda8k 
 path_url=/notification-service/api/1.0/confirmation/oob/inquiry/k67224d947ec4f8c963090f3b912cda8k 
 headers={'User-Agent': 'python-requests/2.30.0', 'Accept-Encoding': 'gzip, deflate', 'Accept': '*/*', 'Connection': 'keep-alive', 'Content-Type': 'application/json', 'x-api-key': '12345_api_key', 'client_id': '12345', 'client_secret': '12345_secret'} 
 body=None 
 </msg>
<msg timestamp="20230525 16:06:14.733" level="INFO">GET Response : url=http://api-uat-internal.hatthabank.com/notification-service/api/1.0/confirmation/oob/inquiry/k67224d947ec4f8c963090f3b912cda8k 
 status=400, reason=Bad Request 
 headers={'Date': 'Thu, 25 May 2023 09:06:14 GMT', 'Content-Type': 'application/json', 'Transfer-Encoding': 'chunked', 'Vary': 'Origin, Access-Control-Request-Method, Access-Control-Request-Headers', 'X-Xss-Protection': '1 ; mode=block', 'Strict-Transport-Security': 'max-age=3153600; includeSubDomains', 'X-Frame-Options': 'DENY', 'X-Content-Type-Options': 'nosniff', 'Referrer-Policy': 'no-referrer', 'Content-Security-Policy': "default-src 'self' https:; font-src 'self' https: data:; img-src 'self' https: data:; object-src 'none'; script-src https:; style-src 'self' https: 'unsafe-inline'", 'X-Download-Options': 'noopen', 'X-Permitted-Cross-Domain-Policies': 'master-only', 'Cache-Control': 'no-cache, no-store, max-age=0, must-revalidate', 'Pragma': 'no-cache', 'Expires': '0', 'Access-Control-Allow-Origin': '*', 'Access-Control-Allow-Headers': '*', 'Access-Control-Max-Age': '3628800', 'Access-Control-Allow-Methods': 'GET, DELETE, OPTIONS, POST, PUT'} 
 body={"code":"ECFM-001","title":null,"message":"Confirmation is not found.","data":null,"trace_id":"5a78985e37867346"} 
 </msg>
<msg timestamp="20230525 16:06:14.733" level="INFO">${Response} = &lt;Response [400]&gt;</msg>
<status status="PASS" starttime="20230525 16:06:14.585" endtime="20230525 16:06:14.733"/>
</kw>
<kw name="Check OOB inquiry response body" library="Verify_success">
<arg>${Response.json()}</arg>
<kw name="Get Value From Json" library="JSONLibrary">
<var>${status_code}</var>
<arg>${resp}</arg>
<arg>$.code</arg>
<doc>Get Value From JSON using JSONPath</doc>
<msg timestamp="20230525 16:06:14.749" level="INFO">${status_code} = ['ECFM-001']</msg>
<status status="PASS" starttime="20230525 16:06:14.733" endtime="20230525 16:06:14.749"/>
</kw>
<kw name="Get Value From Json" library="JSONLibrary">
<var>${smg}</var>
<arg>${resp}</arg>
<arg>$.message</arg>
<doc>Get Value From JSON using JSONPath</doc>
<msg timestamp="20230525 16:06:14.764" level="INFO">${smg} = ['Confirmation is not found.']</msg>
<status status="PASS" starttime="20230525 16:06:14.749" endtime="20230525 16:06:14.764"/>
</kw>
<if>
<branch type="IF" condition="&quot;${status_code[0]}&quot;==&quot;ECFM-001&quot;">
<kw name="Run Keyword And Return Status" library="BuiltIn">
<var>${response_status}</var>
<arg>Should Be Equal As Strings</arg>
<arg>${status_code[0]}</arg>
<arg>ECFM-001</arg>
<doc>Runs the given keyword with given arguments and returns the status as a Boolean value.</doc>
<kw name="Should Be Equal As Strings" library="BuiltIn">
<arg>${status_code[0]}</arg>
<arg>ECFM-001</arg>
<doc>Fails if objects are unequal after converting them to strings.</doc>
<status status="PASS" starttime="20230525 16:06:14.764" endtime="20230525 16:06:14.764"/>
</kw>
<msg timestamp="20230525 16:06:14.764" level="INFO">${response_status} = True</msg>
<status status="PASS" starttime="20230525 16:06:14.764" endtime="20230525 16:06:14.764"/>
</kw>
<kw name="Should Be Equal As Strings" library="BuiltIn">
<arg>${status_code[0]}</arg>
<arg>ECFM-001</arg>
<arg>We has found something went wrong!!</arg>
<arg>${smg}</arg>
<doc>Fails if objects are unequal after converting them to strings.</doc>
<status status="PASS" starttime="20230525 16:06:14.764" endtime="20230525 16:06:14.764"/>
</kw>
<status status="PASS" starttime="20230525 16:06:14.764" endtime="20230525 16:06:14.764"/>
</branch>
<branch type="ELSE">
<kw name="Run Keyword And Return Status" library="BuiltIn">
<var>${response_status}</var>
<arg>Should Be Equal As Strings</arg>
<arg>${status_code[0]}</arg>
<arg>S0001</arg>
<doc>Runs the given keyword with given arguments and returns the status as a Boolean value.</doc>
<status status="NOT RUN" starttime="20230525 16:06:14.764" endtime="20230525 16:06:14.764"/>
</kw>
<kw name="Should Be Equal As Strings" library="BuiltIn">
<arg>${status_code[0]}</arg>
<arg>S0001</arg>
<arg>We has found something went wrong!!</arg>
<arg>${smg}</arg>
<doc>Fails if objects are unequal after converting them to strings.</doc>
<status status="NOT RUN" starttime="20230525 16:06:14.764" endtime="20230525 16:06:14.764"/>
</kw>
<status status="NOT RUN" starttime="20230525 16:06:14.764" endtime="20230525 16:06:14.764"/>
</branch>
<status status="PASS" starttime="20230525 16:06:14.764" endtime="20230525 16:06:14.764"/>
</if>
<kw name="Set Test Message" library="BuiltIn">
<arg>${smg[0]}</arg>
<doc>Sets message for the current test case.</doc>
<msg timestamp="20230525 16:06:14.764" level="INFO">Set test message to:
Confirmation is not found.</msg>
<status status="PASS" starttime="20230525 16:06:14.764" endtime="20230525 16:06:14.764"/>
</kw>
<status status="PASS" starttime="20230525 16:06:14.733" endtime="20230525 16:06:14.764"/>
</kw>
<status status="PASS" starttime="20230525 16:06:14.584" endtime="20230525 16:06:14.764"/>
</kw>
<tag>Negative</tag>
<status status="PASS" starttime="20230525 16:06:14.584" endtime="20230525 16:06:14.764">Confirmation is not found.</status>
</test>
<status status="PASS" starttime="20230525 16:06:09.798" endtime="20230525 16:06:14.764"/>
</suite>
<statistics>
<total>
<stat pass="16" fail="0" skip="0">All Tests</stat>
</total>
<tag>
<stat pass="7" fail="0" skip="0">Negative</stat>
<stat pass="9" fail="0" skip="0">positive</stat>
</tag>
<suite>
<stat pass="16" fail="0" skip="0" id="s1" name="Oobotp Notification">Oobotp Notification</stat>
</suite>
</statistics>
<errors>
</errors>
</robot>
